2017-02-15 06:12:32.451+0000 WARN  [o.n.i.p.PageCache] The dbms.memory.pagecache.size setting has not been configured. It is recommended that this setting is always explicitly configured, to ensure the system has a balanced configuration. Until then, a computed heuristic value of 6681001984 bytes will be used instead. 
2017-02-15 06:12:32.586+0000 INFO  [o.n.k.i.f.CommunityEditionModule] No locking implementation specified, defaulting to 'community'
2017-02-15 06:12:32.671+0000 INFO  [o.n.k.AvailabilityGuard] Requirement makes database unavailable: Database available
2017-02-15 06:12:32.686+0000 INFO  [o.n.k.i.DiagnosticsManager] --- INITIALIZED diagnostics START ---
2017-02-15 06:12:32.686+0000 INFO  [o.n.k.i.DiagnosticsManager] Neo4j Kernel properties:
2017-02-15 06:12:32.687+0000 INFO  [o.n.k.i.DiagnosticsManager] unsupported.dbms.edition=community
2017-02-15 06:12:32.687+0000 INFO  [o.n.k.i.DiagnosticsManager] unsupported.dbms.directories.neo4j_home=/Users/pierregrandjean/Documents/Git/setram/data
2017-02-15 06:12:32.687+0000 INFO  [o.n.k.i.DiagnosticsManager] unsupported.dbms.ephemeral=false
2017-02-15 06:12:32.687+0000 INFO  [o.n.k.i.DiagnosticsManager] Diagnostics providers:
2017-02-15 06:12:32.687+0000 INFO  [o.n.k.i.DiagnosticsManager] org.neo4j.kernel.configuration.Config
2017-02-15 06:12:32.687+0000 INFO  [o.n.k.i.DiagnosticsManager] org.neo4j.kernel.info.DiagnosticsManager
2017-02-15 06:12:32.687+0000 INFO  [o.n.k.i.DiagnosticsManager] SYSTEM_MEMORY
2017-02-15 06:12:32.687+0000 INFO  [o.n.k.i.DiagnosticsManager] JAVA_MEMORY
2017-02-15 06:12:32.687+0000 INFO  [o.n.k.i.DiagnosticsManager] OPERATING_SYSTEM
2017-02-15 06:12:32.687+0000 INFO  [o.n.k.i.DiagnosticsManager] JAVA_VIRTUAL_MACHINE
2017-02-15 06:12:32.687+0000 INFO  [o.n.k.i.DiagnosticsManager] CLASSPATH
2017-02-15 06:12:32.687+0000 INFO  [o.n.k.i.DiagnosticsManager] LIBRARY_PATH
2017-02-15 06:12:32.687+0000 INFO  [o.n.k.i.DiagnosticsManager] SYSTEM_PROPERTIES
2017-02-15 06:12:32.687+0000 INFO  [o.n.k.i.DiagnosticsManager] NETWORK
2017-02-15 06:12:32.687+0000 INFO  [o.n.k.i.DiagnosticsManager] System memory information:
2017-02-15 06:12:32.689+0000 INFO  [o.n.k.i.DiagnosticsManager] Total Physical memory: 16,00 GB
2017-02-15 06:12:32.690+0000 INFO  [o.n.k.i.DiagnosticsManager] Free Physical memory: 4,27 GB
2017-02-15 06:12:32.690+0000 INFO  [o.n.k.i.DiagnosticsManager] Committed virtual memory: 7,90 GB
2017-02-15 06:12:32.691+0000 INFO  [o.n.k.i.DiagnosticsManager] Total swap space: 3,00 GB
2017-02-15 06:12:32.691+0000 INFO  [o.n.k.i.DiagnosticsManager] Free swap space: 1,23 GB
2017-02-15 06:12:32.692+0000 INFO  [o.n.k.i.DiagnosticsManager] JVM memory information:
2017-02-15 06:12:32.692+0000 INFO  [o.n.k.i.DiagnosticsManager] Free  memory: 179,21 MB
2017-02-15 06:12:32.692+0000 INFO  [o.n.k.i.DiagnosticsManager] Total memory: 245,50 MB
2017-02-15 06:12:32.692+0000 INFO  [o.n.k.i.DiagnosticsManager] Max   memory: 3,56 GB
2017-02-15 06:12:32.693+0000 INFO  [o.n.k.i.DiagnosticsManager] Garbage Collector: PS Scavenge: [PS Eden Space, PS Survivor Space]
2017-02-15 06:12:32.693+0000 INFO  [o.n.k.i.DiagnosticsManager] Garbage Collector: PS MarkSweep: [PS Eden Space, PS Survivor Space, PS Old Gen]
2017-02-15 06:12:32.693+0000 INFO  [o.n.k.i.DiagnosticsManager] Memory Pool: Code Cache (Non-heap memory): committed=4,06 MB, used=4,00 MB, max=240,00 MB, threshold=0,00 B
2017-02-15 06:12:32.694+0000 INFO  [o.n.k.i.DiagnosticsManager] Memory Pool: Metaspace (Non-heap memory): committed=14,25 MB, used=13,58 MB, max=-1,00 B, threshold=0,00 B
2017-02-15 06:12:32.694+0000 INFO  [o.n.k.i.DiagnosticsManager] Memory Pool: Compressed Class Space (Non-heap memory): committed=2,00 MB, used=1,78 MB, max=1,00 GB, threshold=0,00 B
2017-02-15 06:12:32.694+0000 INFO  [o.n.k.i.DiagnosticsManager] Memory Pool: PS Eden Space (Heap memory): committed=64,00 MB, used=18,74 MB, max=1,31 GB, threshold=?
2017-02-15 06:12:32.694+0000 INFO  [o.n.k.i.DiagnosticsManager] Memory Pool: PS Survivor Space (Heap memory): committed=10,50 MB, used=10,47 MB, max=10,50 MB, threshold=?
2017-02-15 06:12:32.695+0000 INFO  [o.n.k.i.DiagnosticsManager] Memory Pool: PS Old Gen (Heap memory): committed=171,00 MB, used=37,08 MB, max=2,67 GB, threshold=0,00 B
2017-02-15 06:12:32.695+0000 INFO  [o.n.k.i.DiagnosticsManager] Operating system information:
2017-02-15 06:12:32.695+0000 INFO  [o.n.k.i.DiagnosticsManager] Operating System: Mac OS X; version: 10.12.3; arch: x86_64; cpus: 8
2017-02-15 06:12:32.696+0000 INFO  [o.n.k.i.DiagnosticsManager] Max number of file descriptors: 10240
2017-02-15 06:12:32.696+0000 INFO  [o.n.k.i.DiagnosticsManager] Number of open file descriptors: 25
2017-02-15 06:12:32.697+0000 INFO  [o.n.k.i.DiagnosticsManager] Process id: 51968@macbookpro.local
2017-02-15 06:12:32.697+0000 INFO  [o.n.k.i.DiagnosticsManager] Byte order: LITTLE_ENDIAN
2017-02-15 06:12:32.697+0000 INFO  [o.n.k.i.DiagnosticsManager] Local timezone: Europe/Paris
2017-02-15 06:12:32.697+0000 INFO  [o.n.k.i.DiagnosticsManager] JVM information:
2017-02-15 06:12:32.697+0000 INFO  [o.n.k.i.DiagnosticsManager] VM Name: Java HotSpot(TM) 64-Bit Server VM
2017-02-15 06:12:32.697+0000 INFO  [o.n.k.i.DiagnosticsManager] VM Vendor: Oracle Corporation
2017-02-15 06:12:32.697+0000 INFO  [o.n.k.i.DiagnosticsManager] VM Version: 25.112-b16
2017-02-15 06:12:32.697+0000 INFO  [o.n.k.i.DiagnosticsManager] JIT compiler: HotSpot 64-Bit Tiered Compilers
2017-02-15 06:12:32.698+0000 INFO  [o.n.k.i.DiagnosticsManager] VM Arguments: []
2017-02-15 06:12:32.698+0000 INFO  [o.n.k.i.DiagnosticsManager] Java classpath:
2017-02-15 06:12:32.698+0000 INFO  [o.n.k.i.DiagnosticsManager]  [bootstrap] /Library/Java/JavaVirtualMachines/jdk1.8.0_112.jdk/Contents/Home/jre/lib/resources.jar
2017-02-15 06:12:32.698+0000 INFO  [o.n.k.i.DiagnosticsManager]  [bootstrap] /Library/Java/JavaVirtualMachines/jdk1.8.0_112.jdk/Contents/Home/jre/lib/jsse.jar
2017-02-15 06:12:32.698+0000 INFO  [o.n.k.i.DiagnosticsManager]  [loader.1] file:/Library/Java/JavaVirtualMachines/jdk1.8.0_112.jdk/Contents/Home/jre/lib/ext/cldrdata.jar
2017-02-15 06:12:32.698+0000 INFO  [o.n.k.i.DiagnosticsManager]  [loader.1] file:/Library/Java/JavaVirtualMachines/jdk1.8.0_112.jdk/Contents/Home/jre/lib/ext/sunpkcs11.jar
2017-02-15 06:12:32.698+0000 INFO  [o.n.k.i.DiagnosticsManager]  [bootstrap] /Library/Java/JavaVirtualMachines/jdk1.8.0_112.jdk/Contents/Home/jre/classes
2017-02-15 06:12:32.698+0000 INFO  [o.n.k.i.DiagnosticsManager]  [loader.1] file:/Library/Java/JavaVirtualMachines/jdk1.8.0_112.jdk/Contents/Home/jre/lib/ext/sunec.jar
2017-02-15 06:12:32.699+0000 INFO  [o.n.k.i.DiagnosticsManager]  [loader.1] file:/Library/Java/JavaVirtualMachines/jdk1.8.0_112.jdk/Contents/Home/jre/lib/ext/jfxrt.jar
2017-02-15 06:12:32.699+0000 INFO  [o.n.k.i.DiagnosticsManager]  [loader.1] file:/Library/Java/JavaVirtualMachines/jdk1.8.0_112.jdk/Contents/Home/jre/lib/ext/zipfs.jar
2017-02-15 06:12:32.699+0000 INFO  [o.n.k.i.DiagnosticsManager]  [loader.1] file:/Library/Java/JavaVirtualMachines/jdk1.8.0_112.jdk/Contents/Home/jre/lib/ext/sunjce_provider.jar
2017-02-15 06:12:32.699+0000 INFO  [o.n.k.i.DiagnosticsManager]  [bootstrap] /Library/Java/JavaVirtualMachines/jdk1.8.0_112.jdk/Contents/Home/jre/lib/charsets.jar
2017-02-15 06:12:32.699+0000 INFO  [o.n.k.i.DiagnosticsManager]  [bootstrap] /Library/Java/JavaVirtualMachines/jdk1.8.0_112.jdk/Contents/Home/jre/lib/jce.jar
2017-02-15 06:12:32.699+0000 INFO  [o.n.k.i.DiagnosticsManager]  [loader.1] file:/Library/Java/JavaVirtualMachines/jdk1.8.0_112.jdk/Contents/Home/jre/lib/ext/dnsns.jar
2017-02-15 06:12:32.699+0000 INFO  [o.n.k.i.DiagnosticsManager]  [loader.1] file:/Library/Java/JavaVirtualMachines/jdk1.8.0_112.jdk/Contents/Home/jre/lib/ext/nashorn.jar
2017-02-15 06:12:32.699+0000 INFO  [o.n.k.i.DiagnosticsManager]  [loader.1] file:/Library/Java/JavaVirtualMachines/jdk1.8.0_112.jdk/Contents/Home/jre/lib/ext/jaccess.jar
2017-02-15 06:12:32.699+0000 INFO  [o.n.k.i.DiagnosticsManager]  [loader.1] file:/Library/Java/JavaVirtualMachines/jdk1.8.0_112.jdk/Contents/Home/jre/lib/ext/localedata.jar
2017-02-15 06:12:32.699+0000 INFO  [o.n.k.i.DiagnosticsManager]  [classpath + loader.0] file:/Users/pierregrandjean/Documents/Git/setram/target/setram.jar
2017-02-15 06:12:32.699+0000 INFO  [o.n.k.i.DiagnosticsManager]  [loader.1] file:/System/Library/Java/Extensions/MRJToolkit.jar
2017-02-15 06:12:32.699+0000 INFO  [o.n.k.i.DiagnosticsManager]  [bootstrap] /Library/Java/JavaVirtualMachines/jdk1.8.0_112.jdk/Contents/Home/jre/lib/sunrsasign.jar
2017-02-15 06:12:32.699+0000 INFO  [o.n.k.i.DiagnosticsManager]  [bootstrap] /Library/Java/JavaVirtualMachines/jdk1.8.0_112.jdk/Contents/Home/jre/lib/jfr.jar
2017-02-15 06:12:32.699+0000 INFO  [o.n.k.i.DiagnosticsManager]  [bootstrap] /Library/Java/JavaVirtualMachines/jdk1.8.0_112.jdk/Contents/Home/jre/lib/rt.jar
2017-02-15 06:12:32.699+0000 INFO  [o.n.k.i.DiagnosticsManager] Library path:
2017-02-15 06:12:32.699+0000 INFO  [o.n.k.i.DiagnosticsManager] /Users/pierregrandjean/Library/Java/Extensions
2017-02-15 06:12:32.699+0000 INFO  [o.n.k.i.DiagnosticsManager] /Library/Java/Extensions
2017-02-15 06:12:32.699+0000 INFO  [o.n.k.i.DiagnosticsManager] /Network/Library/Java/Extensions
2017-02-15 06:12:32.699+0000 INFO  [o.n.k.i.DiagnosticsManager] /System/Library/Java/Extensions
2017-02-15 06:12:32.699+0000 INFO  [o.n.k.i.DiagnosticsManager] /usr/lib/java
2017-02-15 06:12:32.700+0000 INFO  [o.n.k.i.DiagnosticsManager] /Users/pierregrandjean/Documents/Git/setram
2017-02-15 06:12:32.700+0000 INFO  [o.n.k.i.DiagnosticsManager] System.properties:
2017-02-15 06:12:32.700+0000 INFO  [o.n.k.i.DiagnosticsManager] sun.boot.library.path = /Library/Java/JavaVirtualMachines/jdk1.8.0_112.jdk/Contents/Home/jre/lib
2017-02-15 06:12:32.700+0000 INFO  [o.n.k.i.DiagnosticsManager] gopherProxySet = false
2017-02-15 06:12:32.700+0000 INFO  [o.n.k.i.DiagnosticsManager] path.separator = :
2017-02-15 06:12:32.700+0000 INFO  [o.n.k.i.DiagnosticsManager] file.encoding.pkg = sun.io
2017-02-15 06:12:32.700+0000 INFO  [o.n.k.i.DiagnosticsManager] user.country = FR
2017-02-15 06:12:32.700+0000 INFO  [o.n.k.i.DiagnosticsManager] sun.java.launcher = SUN_STANDARD
2017-02-15 06:12:32.700+0000 INFO  [o.n.k.i.DiagnosticsManager] sun.os.patch.level = unknown
2017-02-15 06:12:32.700+0000 INFO  [o.n.k.i.DiagnosticsManager] user.dir = /Users/pierregrandjean/Documents/Git/setram
2017-02-15 06:12:32.700+0000 INFO  [o.n.k.i.DiagnosticsManager] sun.jnu.encoding = UTF-8
2017-02-15 06:12:32.700+0000 INFO  [o.n.k.i.DiagnosticsManager] sun.management.compiler = HotSpot 64-Bit Tiered Compilers
2017-02-15 06:12:32.700+0000 INFO  [o.n.k.i.DiagnosticsManager] http.nonProxyHosts = local|*.local|169.254/16|*.169.254/16
2017-02-15 06:12:32.700+0000 INFO  [o.n.k.i.DiagnosticsManager] user.home = /Users/pierregrandjean
2017-02-15 06:12:32.700+0000 INFO  [o.n.k.i.DiagnosticsManager] user.timezone = Europe/Paris
2017-02-15 06:12:32.700+0000 INFO  [o.n.k.i.DiagnosticsManager] file.encoding = UTF-8
2017-02-15 06:12:32.700+0000 INFO  [o.n.k.i.DiagnosticsManager] user.name = pierregrandjean
2017-02-15 06:12:32.700+0000 INFO  [o.n.k.i.DiagnosticsManager] sun.java.command = target/setram.jar
2017-02-15 06:12:32.700+0000 INFO  [o.n.k.i.DiagnosticsManager] sun.arch.data.model = 64
2017-02-15 06:12:32.700+0000 INFO  [o.n.k.i.DiagnosticsManager] user.language = fr
2017-02-15 06:12:32.700+0000 INFO  [o.n.k.i.DiagnosticsManager] awt.toolkit = sun.lwawt.macosx.LWCToolkit
2017-02-15 06:12:32.700+0000 INFO  [o.n.k.i.DiagnosticsManager] file.separator = /
2017-02-15 06:12:32.700+0000 INFO  [o.n.k.i.DiagnosticsManager] sun.io.unicode.encoding = UnicodeBig
2017-02-15 06:12:32.700+0000 INFO  [o.n.k.i.DiagnosticsManager] sun.cpu.endian = little
2017-02-15 06:12:32.700+0000 INFO  [o.n.k.i.DiagnosticsManager] socksNonProxyHosts = local|*.local|169.254/16|*.169.254/16
2017-02-15 06:12:32.700+0000 INFO  [o.n.k.i.DiagnosticsManager] ftp.nonProxyHosts = local|*.local|169.254/16|*.169.254/16
2017-02-15 06:12:32.700+0000 INFO  [o.n.k.i.DiagnosticsManager] sun.cpu.isalist = 
2017-02-15 06:12:32.701+0000 INFO  [o.n.k.i.DiagnosticsManager] Network information:
2017-02-15 06:12:32.701+0000 INFO  [o.n.k.i.DiagnosticsManager] Interface en0:
2017-02-15 06:12:32.701+0000 INFO  [o.n.k.i.DiagnosticsManager]     address: 192.168.1.4
2017-02-15 06:12:32.701+0000 INFO  [o.n.k.i.DiagnosticsManager] Interface lo0:
2017-02-15 06:12:32.701+0000 INFO  [o.n.k.i.DiagnosticsManager]     address: 127.0.0.1
2017-02-15 06:12:32.701+0000 INFO  [o.n.k.i.DiagnosticsManager] --- INITIALIZED diagnostics END ---
2017-02-15 06:12:32.756+0000 INFO  [o.n.k.i.s.f.RecordFormatSelector] Selected format 'RecordFormat:StandardV3_0[v0.A.7]' for the new store
2017-02-15 06:12:32.939+0000 INFO  [o.n.k.a.i.l.LuceneLabelScanStore] No lucene scan store index found, this might just be first use. Preparing to rebuild.
2017-02-15 06:12:33.041+0000 INFO  [o.n.k.NeoStoreDataSource] Opened logical log [/Users/pierregrandjean/Documents/Git/setram/data/neostore.transaction.db.0] version=0, lastTxId=1 (clean)
2017-02-15 06:12:33.046+0000 WARN  [o.n.k.i.s.MetaDataStore] Missing counts store, rebuilding it.
2017-02-15 06:12:33.140+0000 INFO  [o.n.k.a.i.l.LuceneLabelScanStore] Rebuilding lucene scan store, this may take a while
2017-02-15 06:12:33.147+0000 INFO  [o.n.k.a.i.l.LuceneLabelScanStore] Lucene scan store rebuilt (roughly 0 nodes)
2017-02-15 06:12:33.149+0000 INFO  [o.n.k.i.DatabaseHealth] Database health set to OK
2017-02-15 06:12:33.504+0000 INFO  [o.n.k.AvailabilityGuard] Fulfilling of requirement makes database available: Database available
2017-02-15 06:12:33.505+0000 INFO  [o.n.k.i.f.GraphDatabaseFacadeFactory] Database is now ready
2017-02-15 06:12:33.505+0000 INFO  [o.n.k.i.DiagnosticsManager] --- STARTED diagnostics for KernelDiagnostics:Versions START ---
2017-02-15 06:12:33.506+0000 INFO  [o.n.k.i.DiagnosticsManager] Graph Database: community single StoreId{creationTime=1487139152857, randomId=8721656799451728922, storeVersion=15531981201765894, upgradeTime=1487139152857, upgradeId=1}
2017-02-15 06:12:33.506+0000 INFO  [o.n.k.i.DiagnosticsManager] Kernel version: dev
2017-02-15 06:12:33.506+0000 INFO  [o.n.k.i.DiagnosticsManager] --- STARTED diagnostics for KernelDiagnostics:Versions END ---
2017-02-15 06:12:33.507+0000 INFO  [o.n.k.i.DiagnosticsManager] --- STARTED diagnostics for NEO_STORE_VERSIONS START ---
2017-02-15 06:12:33.507+0000 INFO  [o.n.k.i.DiagnosticsManager] Store versions:
2017-02-15 06:12:33.507+0000 INFO  [o.n.k.i.DiagnosticsManager] Store versions:
2017-02-15 06:12:33.507+0000 INFO  [o.n.k.i.DiagnosticsManager]   ArrayPropertyStore v0.A.7
2017-02-15 06:12:33.507+0000 INFO  [o.n.k.i.DiagnosticsManager]   NodeStore v0.A.7
2017-02-15 06:12:33.507+0000 INFO  [o.n.k.i.DiagnosticsManager]   StringPropertyStore v0.A.7
2017-02-15 06:12:33.507+0000 INFO  [o.n.k.i.DiagnosticsManager]   PropertyIndexStore v0.A.7
2017-02-15 06:12:33.507+0000 INFO  [o.n.k.i.DiagnosticsManager]   StringPropertyStore v0.A.7
2017-02-15 06:12:33.507+0000 INFO  [o.n.k.i.DiagnosticsManager]   ArrayPropertyStore v0.A.7
2017-02-15 06:12:33.507+0000 INFO  [o.n.k.i.DiagnosticsManager]   PropertyStore v0.A.7
2017-02-15 06:12:33.507+0000 INFO  [o.n.k.i.DiagnosticsManager]   RelationshipStore v0.A.7
2017-02-15 06:12:33.507+0000 INFO  [o.n.k.i.DiagnosticsManager]   StringPropertyStore v0.A.7
2017-02-15 06:12:33.507+0000 INFO  [o.n.k.i.DiagnosticsManager]   RelationshipTypeStore v0.A.7
2017-02-15 06:12:33.507+0000 INFO  [o.n.k.i.DiagnosticsManager]   StringPropertyStore v0.A.7
2017-02-15 06:12:33.507+0000 INFO  [o.n.k.i.DiagnosticsManager]   LabelTokenStore v0.A.7
2017-02-15 06:12:33.507+0000 INFO  [o.n.k.i.DiagnosticsManager]   SchemaStore v0.A.7
2017-02-15 06:12:33.508+0000 INFO  [o.n.k.i.DiagnosticsManager]   RelationshipGroupStore v0.A.7
2017-02-15 06:12:33.508+0000 INFO  [o.n.k.i.DiagnosticsManager]   NeoStore v0.A.7
2017-02-15 06:12:33.508+0000 INFO  [o.n.k.i.DiagnosticsManager] --- STARTED diagnostics for NEO_STORE_VERSIONS END ---
2017-02-15 06:12:33.508+0000 INFO  [o.n.k.i.DiagnosticsManager] --- STARTED diagnostics for NEO_STORE_ID_USAGE START ---
2017-02-15 06:12:33.508+0000 INFO  [o.n.k.i.DiagnosticsManager] Id usage:
2017-02-15 06:12:33.508+0000 INFO  [o.n.k.i.DiagnosticsManager] Id usage:
2017-02-15 06:12:33.508+0000 INFO  [o.n.k.i.DiagnosticsManager]   ArrayPropertyStore: used=1 high=0
2017-02-15 06:12:33.509+0000 INFO  [o.n.k.i.DiagnosticsManager]   NodeStore: used=0 high=-1
2017-02-15 06:12:33.509+0000 INFO  [o.n.k.i.DiagnosticsManager]   StringPropertyStore: used=1 high=0
2017-02-15 06:12:33.510+0000 INFO  [o.n.k.i.DiagnosticsManager]   PropertyIndexStore: used=0 high=-1
2017-02-15 06:12:33.510+0000 INFO  [o.n.k.i.DiagnosticsManager]   StringPropertyStore: used=1 high=0
2017-02-15 06:12:33.510+0000 INFO  [o.n.k.i.DiagnosticsManager]   ArrayPropertyStore: used=1 high=0
2017-02-15 06:12:33.510+0000 INFO  [o.n.k.i.DiagnosticsManager]   PropertyStore: used=0 high=-1
2017-02-15 06:12:33.510+0000 INFO  [o.n.k.i.DiagnosticsManager]   RelationshipStore: used=0 high=-1
2017-02-15 06:12:33.510+0000 INFO  [o.n.k.i.DiagnosticsManager]   StringPropertyStore: used=1 high=0
2017-02-15 06:12:33.510+0000 INFO  [o.n.k.i.DiagnosticsManager]   RelationshipTypeStore: used=0 high=-1
2017-02-15 06:12:33.510+0000 INFO  [o.n.k.i.DiagnosticsManager]   StringPropertyStore: used=1 high=0
2017-02-15 06:12:33.510+0000 INFO  [o.n.k.i.DiagnosticsManager]   LabelTokenStore: used=0 high=-1
2017-02-15 06:12:33.510+0000 INFO  [o.n.k.i.DiagnosticsManager]   SchemaStore: used=1 high=0
2017-02-15 06:12:33.510+0000 INFO  [o.n.k.i.DiagnosticsManager]   RelationshipGroupStore: used=1 high=0
2017-02-15 06:12:33.510+0000 INFO  [o.n.k.i.DiagnosticsManager]   NeoStore: used=15 high=14
2017-02-15 06:12:33.511+0000 INFO  [o.n.k.i.DiagnosticsManager] --- STARTED diagnostics for NEO_STORE_ID_USAGE END ---
2017-02-15 06:12:33.511+0000 INFO  [o.n.k.i.DiagnosticsManager] --- STARTED diagnostics for NEO_STORE_RECORDS START ---
2017-02-15 06:12:33.511+0000 INFO  [o.n.k.i.DiagnosticsManager] Neostore records:
2017-02-15 06:12:33.511+0000 INFO  [o.n.k.i.DiagnosticsManager] TIME (Creation time): 1487139152857
2017-02-15 06:12:33.511+0000 INFO  [o.n.k.i.DiagnosticsManager] RANDOM_NUMBER (Random number for store id): 8721656799451728922
2017-02-15 06:12:33.511+0000 INFO  [o.n.k.i.DiagnosticsManager] LOG_VERSION (Current log version): 0
2017-02-15 06:12:33.511+0000 INFO  [o.n.k.i.DiagnosticsManager] LAST_TRANSACTION_ID (Last committed transaction): 1
2017-02-15 06:12:33.511+0000 INFO  [o.n.k.i.DiagnosticsManager] STORE_VERSION (Store format version): 15531981201765894
2017-02-15 06:12:33.512+0000 INFO  [o.n.k.i.DiagnosticsManager] FIRST_GRAPH_PROPERTY (First property record containing graph properties): -1
2017-02-15 06:12:33.512+0000 INFO  [o.n.k.i.DiagnosticsManager] LAST_CONSTRAINT_TRANSACTION (Last committed transaction containing constraint changes): 0
2017-02-15 06:12:33.512+0000 INFO  [o.n.k.i.DiagnosticsManager] UPGRADE_TRANSACTION_ID (Transaction id most recent upgrade was performed at): 1
2017-02-15 06:12:33.512+0000 INFO  [o.n.k.i.DiagnosticsManager] UPGRADE_TIME (Time of last upgrade): 1487139152857
2017-02-15 06:12:33.512+0000 INFO  [o.n.k.i.DiagnosticsManager] LAST_TRANSACTION_CHECKSUM (Checksum of last committed transaction): 0
2017-02-15 06:12:33.512+0000 INFO  [o.n.k.i.DiagnosticsManager] UPGRADE_TRANSACTION_CHECKSUM (Checksum of transaction id the most recent upgrade was performed at): 0
2017-02-15 06:12:33.512+0000 INFO  [o.n.k.i.DiagnosticsManager] LAST_CLOSED_TRANSACTION_LOG_VERSION (Log version where the last transaction commit entry has been written into): 0
2017-02-15 06:12:33.512+0000 INFO  [o.n.k.i.DiagnosticsManager] LAST_CLOSED_TRANSACTION_LOG_BYTE_OFFSET (Byte offset in the log file where the last transaction commit entry has been written into): 16
2017-02-15 06:12:33.512+0000 INFO  [o.n.k.i.DiagnosticsManager] LAST_TRANSACTION_COMMIT_TIMESTAMP (Commit time timestamp for last committed transaction): 0
2017-02-15 06:12:33.512+0000 INFO  [o.n.k.i.DiagnosticsManager] UPGRADE_TRANSACTION_COMMIT_TIMESTAMP (Commit timestamp of transaction the most recent upgrade was performed at): 0
2017-02-15 06:12:33.512+0000 INFO  [o.n.k.i.DiagnosticsManager] --- STARTED diagnostics for NEO_STORE_RECORDS END ---
2017-02-15 06:12:33.513+0000 INFO  [o.n.k.i.DiagnosticsManager] --- STARTED diagnostics for TRANSACTION_RANGE START ---
2017-02-15 06:12:33.513+0000 INFO  [o.n.k.i.DiagnosticsManager] Transaction log:
2017-02-15 06:12:33.513+0000 INFO  [o.n.k.i.DiagnosticsManager] No transactions found in any log
2017-02-15 06:12:33.513+0000 INFO  [o.n.k.i.DiagnosticsManager] --- STARTED diagnostics for TRANSACTION_RANGE END ---
2017-02-15 06:12:33.514+0000 INFO  [o.n.k.i.DiagnosticsManager] --- STARTED diagnostics for KernelDiagnostics:StoreFiles START ---
2017-02-15 06:12:33.514+0000 INFO  [o.n.k.i.DiagnosticsManager] Disk space on partition (Total / Free / Free %): 999324516352 / 97169829888 / 9
Storage files: (filename : modification date - size)
2017-02-15 06:12:33.514+0000 INFO  [o.n.k.i.DiagnosticsManager]   index:
2017-02-15 06:12:33.514+0000 INFO  [o.n.k.i.DiagnosticsManager]   - Total: 2017-02-15T07:12:32+0100 - 0,00 B
2017-02-15 06:12:33.515+0000 INFO  [o.n.k.i.DiagnosticsManager]   logs:
2017-02-15 06:12:33.515+0000 INFO  [o.n.k.i.DiagnosticsManager]     debug.log: 2017-02-15T07:12:33+0100 - 20,90 kB
2017-02-15 06:12:33.515+0000 INFO  [o.n.k.i.DiagnosticsManager]   - Total: 2017-02-15T07:12:32+0100 - 20,90 kB
2017-02-15 06:12:33.515+0000 INFO  [o.n.k.i.DiagnosticsManager]   neostore: 2017-02-15T07:12:32+0100 - 8,00 kB
2017-02-15 06:12:33.515+0000 INFO  [o.n.k.i.DiagnosticsManager]   neostore.counts.db.a: 2017-02-15T07:12:33+0100 - 96,00 B
2017-02-15 06:12:33.515+0000 INFO  [o.n.k.i.DiagnosticsManager]   neostore.id: 2017-02-15T07:12:32+0100 - 9,00 B
2017-02-15 06:12:33.515+0000 INFO  [o.n.k.i.DiagnosticsManager]   neostore.labeltokenstore.db: 2017-02-15T07:12:32+0100 - 0,00 B
2017-02-15 06:12:33.516+0000 INFO  [o.n.k.i.DiagnosticsManager]   neostore.labeltokenstore.db.id: 2017-02-15T07:12:32+0100 - 9,00 B
2017-02-15 06:12:33.516+0000 INFO  [o.n.k.i.DiagnosticsManager]   neostore.labeltokenstore.db.names: 2017-02-15T07:12:32+0100 - 8,00 kB
2017-02-15 06:12:33.516+0000 INFO  [o.n.k.i.DiagnosticsManager]   neostore.labeltokenstore.db.names.id: 2017-02-15T07:12:32+0100 - 9,00 B
2017-02-15 06:12:33.516+0000 INFO  [o.n.k.i.DiagnosticsManager]   neostore.nodestore.db: 2017-02-15T07:12:32+0100 - 0,00 B
2017-02-15 06:12:33.516+0000 INFO  [o.n.k.i.DiagnosticsManager]   neostore.nodestore.db.id: 2017-02-15T07:12:32+0100 - 9,00 B
2017-02-15 06:12:33.516+0000 INFO  [o.n.k.i.DiagnosticsManager]   neostore.nodestore.db.labels: 2017-02-15T07:12:32+0100 - 8,00 kB
2017-02-15 06:12:33.516+0000 INFO  [o.n.k.i.DiagnosticsManager]   neostore.nodestore.db.labels.id: 2017-02-15T07:12:32+0100 - 9,00 B
2017-02-15 06:12:33.516+0000 INFO  [o.n.k.i.DiagnosticsManager]   neostore.propertystore.db: 2017-02-15T07:12:32+0100 - 0,00 B
2017-02-15 06:12:33.517+0000 INFO  [o.n.k.i.DiagnosticsManager]   neostore.propertystore.db.arrays: 2017-02-15T07:12:32+0100 - 8,00 kB
2017-02-15 06:12:33.517+0000 INFO  [o.n.k.i.DiagnosticsManager]   neostore.propertystore.db.arrays.id: 2017-02-15T07:12:32+0100 - 9,00 B
2017-02-15 06:12:33.517+0000 INFO  [o.n.k.i.DiagnosticsManager]   neostore.propertystore.db.id: 2017-02-15T07:12:32+0100 - 9,00 B
2017-02-15 06:12:33.517+0000 INFO  [o.n.k.i.DiagnosticsManager]   neostore.propertystore.db.index: 2017-02-15T07:12:32+0100 - 0,00 B
2017-02-15 06:12:33.517+0000 INFO  [o.n.k.i.DiagnosticsManager]   neostore.propertystore.db.index.id: 2017-02-15T07:12:32+0100 - 9,00 B
2017-02-15 06:12:33.517+0000 INFO  [o.n.k.i.DiagnosticsManager]   neostore.propertystore.db.index.keys: 2017-02-15T07:12:32+0100 - 8,00 kB
2017-02-15 06:12:33.517+0000 INFO  [o.n.k.i.DiagnosticsManager]   neostore.propertystore.db.index.keys.id: 2017-02-15T07:12:32+0100 - 9,00 B
2017-02-15 06:12:33.518+0000 INFO  [o.n.k.i.DiagnosticsManager]   neostore.propertystore.db.strings: 2017-02-15T07:12:32+0100 - 8,00 kB
2017-02-15 06:12:33.518+0000 INFO  [o.n.k.i.DiagnosticsManager]   neostore.propertystore.db.strings.id: 2017-02-15T07:12:32+0100 - 9,00 B
2017-02-15 06:12:33.518+0000 INFO  [o.n.k.i.DiagnosticsManager]   neostore.relationshipgroupstore.db: 2017-02-15T07:12:32+0100 - 8,00 kB
2017-02-15 06:12:33.518+0000 INFO  [o.n.k.i.DiagnosticsManager]   neostore.relationshipgroupstore.db.id: 2017-02-15T07:12:32+0100 - 9,00 B
2017-02-15 06:12:33.518+0000 INFO  [o.n.k.i.DiagnosticsManager]   neostore.relationshipstore.db: 2017-02-15T07:12:32+0100 - 0,00 B
2017-02-15 06:12:33.518+0000 INFO  [o.n.k.i.DiagnosticsManager]   neostore.relationshipstore.db.id: 2017-02-15T07:12:32+0100 - 9,00 B
2017-02-15 06:12:33.518+0000 INFO  [o.n.k.i.DiagnosticsManager]   neostore.relationshiptypestore.db: 2017-02-15T07:12:32+0100 - 0,00 B
2017-02-15 06:12:33.518+0000 INFO  [o.n.k.i.DiagnosticsManager]   neostore.relationshiptypestore.db.id: 2017-02-15T07:12:32+0100 - 9,00 B
2017-02-15 06:12:33.519+0000 INFO  [o.n.k.i.DiagnosticsManager]   neostore.relationshiptypestore.db.names: 2017-02-15T07:12:32+0100 - 8,00 kB
2017-02-15 06:12:33.519+0000 INFO  [o.n.k.i.DiagnosticsManager]   neostore.relationshiptypestore.db.names.id: 2017-02-15T07:12:32+0100 - 9,00 B
2017-02-15 06:12:33.519+0000 INFO  [o.n.k.i.DiagnosticsManager]   neostore.schemastore.db: 2017-02-15T07:12:32+0100 - 8,00 kB
2017-02-15 06:12:33.519+0000 INFO  [o.n.k.i.DiagnosticsManager]   neostore.schemastore.db.id: 2017-02-15T07:12:32+0100 - 9,00 B
2017-02-15 06:12:33.519+0000 INFO  [o.n.k.i.DiagnosticsManager]   neostore.transaction.db.0: 2017-02-15T07:12:33+0100 - 16,00 B
2017-02-15 06:12:33.519+0000 INFO  [o.n.k.i.DiagnosticsManager]   schema:
2017-02-15 06:12:33.519+0000 INFO  [o.n.k.i.DiagnosticsManager]     label:
2017-02-15 06:12:33.520+0000 INFO  [o.n.k.i.DiagnosticsManager]       lucene:
2017-02-15 06:12:33.520+0000 INFO  [o.n.k.i.DiagnosticsManager]         labelStore:
2017-02-15 06:12:33.520+0000 INFO  [o.n.k.i.DiagnosticsManager]           1:
2017-02-15 06:12:33.520+0000 INFO  [o.n.k.i.DiagnosticsManager]             write.lock: 2017-02-15T07:12:33+0100 - 0,00 B
2017-02-15 06:12:33.520+0000 INFO  [o.n.k.i.DiagnosticsManager]           - Total: 2017-02-15T07:12:33+0100 - 0,00 B
2017-02-15 06:12:33.521+0000 INFO  [o.n.k.i.DiagnosticsManager]           failure-message: 2017-02-15T07:12:32+0100 - 16,00 kB
2017-02-15 06:12:33.521+0000 INFO  [o.n.k.i.DiagnosticsManager]         - Total: 2017-02-15T07:12:32+0100 - 16,00 kB
2017-02-15 06:12:33.521+0000 INFO  [o.n.k.i.DiagnosticsManager]       - Total: 2017-02-15T07:12:32+0100 - 16,00 kB
2017-02-15 06:12:33.521+0000 INFO  [o.n.k.i.DiagnosticsManager]     - Total: 2017-02-15T07:12:32+0100 - 16,00 kB
2017-02-15 06:12:33.521+0000 INFO  [o.n.k.i.DiagnosticsManager]   - Total: 2017-02-15T07:12:32+0100 - 16,00 kB
2017-02-15 06:12:33.521+0000 INFO  [o.n.k.i.DiagnosticsManager]   store_lock: 2017-02-15T07:12:32+0100 - 0,00 B
2017-02-15 06:12:33.522+0000 INFO  [o.n.k.i.DiagnosticsManager] --- STARTED diagnostics for KernelDiagnostics:StoreFiles END ---
2017-02-15 06:13:04.552+0000 WARN  [o.n.k.i.c.MonitorGc] GC Monitor: Application threads blocked for 2980ms.
2017-02-15 06:13:21.415+0000 WARN  [o.n.k.i.c.MonitorGc] GC Monitor: Application threads blocked for 4263ms.
2017-02-15 06:13:49.513+0000 WARN  [o.n.k.i.c.MonitorGc] GC Monitor: Application threads blocked for 7202ms.
2017-02-15 06:14:04.686+0000 WARN  [o.n.k.i.c.MonitorGc] GC Monitor: Application threads blocked for 220ms.
2017-02-15 06:14:05.931+0000 WARN  [o.n.k.i.c.MonitorGc] GC Monitor: Application threads blocked for 216ms.
2017-02-15 06:14:08.095+0000 WARN  [o.n.k.i.c.MonitorGc] GC Monitor: Application threads blocked for 239ms.
2017-02-15 06:14:09.145+0000 WARN  [o.n.k.i.c.MonitorGc] GC Monitor: Application threads blocked for 222ms.
2017-02-15 06:14:10.180+0000 WARN  [o.n.k.i.c.MonitorGc] GC Monitor: Application threads blocked for 204ms.
2017-02-15 06:14:32.935+0000 WARN  [o.n.k.i.c.MonitorGc] GC Monitor: Application threads blocked for 17503ms.
2017-02-15 06:14:34.234+0000 WARN  [o.n.k.i.c.MonitorGc] GC Monitor: Application threads blocked for 274ms.
2017-02-15 06:14:46.137+0000 WARN  [o.n.k.i.c.MonitorGc] GC Monitor: Application threads blocked for 225ms.
2017-02-15 06:14:47.412+0000 WARN  [o.n.k.i.c.MonitorGc] GC Monitor: Application threads blocked for 249ms.
2017-02-15 06:15:01.094+0000 WARN  [o.n.k.i.c.MonitorGc] GC Monitor: Application threads blocked for 202ms.
2017-02-15 06:15:06.138+0000 WARN  [o.n.k.i.c.MonitorGc] GC Monitor: Application threads blocked for 214ms.
2017-02-15 06:15:07.408+0000 WARN  [o.n.k.i.c.MonitorGc] GC Monitor: Application threads blocked for 230ms.
2017-02-15 06:15:10.002+0000 WARN  [o.n.k.i.c.MonitorGc] GC Monitor: Application threads blocked for 229ms.
2017-02-15 06:15:29.189+0000 WARN  [o.n.k.i.c.MonitorGc] GC Monitor: Application threads blocked for 15523ms.
2017-02-15 06:15:30.586+0000 WARN  [o.n.k.i.c.MonitorGc] GC Monitor: Application threads blocked for 471ms.
2017-02-15 06:15:35.195+0000 WARN  [o.n.k.i.c.MonitorGc] GC Monitor: Application threads blocked for 234ms.
2017-02-15 06:15:36.338+0000 WARN  [o.n.k.i.c.MonitorGc] GC Monitor: Application threads blocked for 222ms.
2017-02-15 06:15:39.989+0000 WARN  [o.n.k.i.c.MonitorGc] GC Monitor: Application threads blocked for 235ms.
2017-02-15 06:15:43.686+0000 WARN  [o.n.k.i.c.MonitorGc] GC Monitor: Application threads blocked for 251ms.
2017-02-15 06:15:44.975+0000 WARN  [o.n.k.i.c.MonitorGc] GC Monitor: Application threads blocked for 257ms.
2017-02-15 06:15:48.438+0000 WARN  [o.n.k.i.c.MonitorGc] GC Monitor: Application threads blocked for 215ms.
2017-02-15 06:15:49.590+0000 WARN  [o.n.k.i.c.MonitorGc] GC Monitor: Application threads blocked for 233ms.
2017-02-15 06:15:50.778+0000 WARN  [o.n.k.i.c.MonitorGc] GC Monitor: Application threads blocked for 254ms.
2017-02-15 06:15:51.966+0000 WARN  [o.n.k.i.c.MonitorGc] GC Monitor: Application threads blocked for 258ms.
2017-02-15 06:15:55.479+0000 WARN  [o.n.k.i.c.MonitorGc] GC Monitor: Application threads blocked for 250ms.
2017-02-15 06:15:56.761+0000 WARN  [o.n.k.i.c.MonitorGc] GC Monitor: Application threads blocked for 250ms.
2017-02-15 06:15:57.921+0000 WARN  [o.n.k.i.c.MonitorGc] GC Monitor: Application threads blocked for 235ms.
2017-02-15 06:15:59.102+0000 WARN  [o.n.k.i.c.MonitorGc] GC Monitor: Application threads blocked for 251ms.
2017-02-15 06:16:00.374+0000 WARN  [o.n.k.i.c.MonitorGc] GC Monitor: Application threads blocked for 236ms.
2017-02-15 06:16:01.615+0000 WARN  [o.n.k.i.c.MonitorGc] GC Monitor: Application threads blocked for 217ms.
2017-02-15 06:16:29.518+0000 WARN  [o.n.k.i.c.MonitorGc] GC Monitor: Application threads blocked for 26879ms.
2017-02-15 06:16:45.689+0000 WARN  [o.n.k.i.c.MonitorGc] GC Monitor: Application threads blocked for 15137ms.
2017-02-15 06:17:01.460+0000 WARN  [o.n.k.i.c.MonitorGc] GC Monitor: Application threads blocked for 14839ms.
2017-02-15 06:17:15.565+0000 WARN  [o.n.k.i.c.MonitorGc] GC Monitor: Application threads blocked for 13495ms.
2017-02-15 06:17:37.971+0000 WARN  [o.n.k.i.c.MonitorGc] GC Monitor: Application threads blocked for 21787ms.
2017-02-15 06:17:37.972+0000 INFO  [o.n.k.i.t.l.c.CheckPointerImpl] Check Pointing triggered by scheduler for time threshold [13]:  Starting check pointing...
2017-02-15 06:17:37.972+0000 INFO  [o.n.k.i.t.l.c.CheckPointerImpl] Check Pointing triggered by scheduler for time threshold [13]:  Starting store flush...
2017-02-15 06:17:37.981+0000 INFO  [o.n.k.i.s.c.CountsTracker] About to rotate counts store at transaction 13 to [/Users/pierregrandjean/Documents/Git/setram/data/neostore.counts.db.b], from [/Users/pierregrandjean/Documents/Git/setram/data/neostore.counts.db.a].
2017-02-15 06:17:37.983+0000 INFO  [o.n.k.i.s.c.CountsTracker] Successfully rotated counts store at transaction 13 to [/Users/pierregrandjean/Documents/Git/setram/data/neostore.counts.db.b], from [/Users/pierregrandjean/Documents/Git/setram/data/neostore.counts.db.a].
2017-02-15 06:17:37.988+0000 INFO  [o.n.k.i.t.l.c.CheckPointerImpl] Check Pointing triggered by scheduler for time threshold [13]:  Store flush completed
2017-02-15 06:17:37.988+0000 INFO  [o.n.k.i.t.l.c.CheckPointerImpl] Check Pointing triggered by scheduler for time threshold [13]:  Starting appending check point entry into the tx log...
2017-02-15 06:17:37.988+0000 INFO  [o.n.k.i.t.l.c.CheckPointerImpl] Check Pointing triggered by scheduler for time threshold [13]:  Appending check point entry into the tx log completed
2017-02-15 06:17:37.989+0000 INFO  [o.n.k.i.t.l.c.CheckPointerImpl] Check Pointing triggered by scheduler for time threshold [13]:  Check pointing completed
2017-02-15 06:17:37.989+0000 INFO  [o.n.k.i.t.l.p.LogPruningImpl] Log Rotation [0]:  Starting log pruning.
2017-02-15 06:17:37.989+0000 INFO  [o.n.k.i.t.l.p.LogPruningImpl] Log Rotation [0]:  Log pruning complete.
2017-02-15 06:18:00.537+0000 WARN  [o.n.k.i.c.MonitorGc] GC Monitor: Application threads blocked for 22047ms.
2017-02-15 06:18:14.756+0000 WARN  [o.n.k.i.c.MonitorGc] GC Monitor: Application threads blocked for 13683ms.
2017-02-15 06:18:29.095+0000 WARN  [o.n.k.i.c.MonitorGc] GC Monitor: Application threads blocked for 13808ms.
2017-02-15 06:18:49.859+0000 WARN  [o.n.k.i.c.MonitorGc] GC Monitor: Application threads blocked for 20227ms.
2017-02-15 06:19:04.304+0000 WARN  [o.n.k.i.c.MonitorGc] GC Monitor: Application threads blocked for 13912ms.
2017-02-15 06:19:18.702+0000 WARN  [o.n.k.i.c.MonitorGc] GC Monitor: Application threads blocked for 13870ms.
2017-02-15 06:19:33.268+0000 WARN  [o.n.k.i.c.MonitorGc] GC Monitor: Application threads blocked for 14144ms.
2017-02-15 06:19:48.128+0000 WARN  [o.n.k.i.c.MonitorGc] GC Monitor: Application threads blocked for 14335ms.
2017-02-15 06:20:06.627+0000 WARN  [o.n.k.i.c.MonitorGc] GC Monitor: Application threads blocked for 18078ms.
2017-02-15 06:20:21.208+0000 WARN  [o.n.k.i.c.MonitorGc] GC Monitor: Application threads blocked for 14157ms.
2017-02-15 06:20:36.197+0000 WARN  [o.n.k.i.c.MonitorGc] GC Monitor: Application threads blocked for 14569ms.
2017-02-15 06:20:36.198+0000 INFO  [o.n.k.i.f.GraphDatabaseFacadeFactory] Shutdown started
2017-02-15 06:20:36.199+0000 INFO  [o.n.k.i.f.GraphDatabaseFacadeFactory] Database is now unavailable
2017-02-15 06:20:36.199+0000 INFO  [o.n.k.i.t.l.c.CheckPointerImpl] Check Pointing triggered by database shutdown [13]:  Starting check pointing...
2017-02-15 06:20:36.199+0000 INFO  [o.n.k.i.t.l.c.CheckPointerImpl] Check Pointing triggered by database shutdown [13]:  Starting store flush...
2017-02-15 06:20:36.201+0000 INFO  [o.n.k.i.t.l.c.CheckPointerImpl] Check Pointing triggered by database shutdown [13]:  Store flush completed
2017-02-15 06:20:36.201+0000 INFO  [o.n.k.i.t.l.c.CheckPointerImpl] Check Pointing triggered by database shutdown [13]:  Starting appending check point entry into the tx log...
2017-02-15 06:20:36.201+0000 INFO  [o.n.k.i.t.l.c.CheckPointerImpl] Check Pointing triggered by database shutdown [13]:  Appending check point entry into the tx log completed
2017-02-15 06:20:36.201+0000 INFO  [o.n.k.i.t.l.c.CheckPointerImpl] Check Pointing triggered by database shutdown [13]:  Check pointing completed
2017-02-15 06:20:36.202+0000 INFO  [o.n.k.i.t.l.p.LogPruningImpl] Log Rotation [0]:  Starting log pruning.
2017-02-15 06:20:36.202+0000 INFO  [o.n.k.i.t.l.p.LogPruningImpl] Log Rotation [0]:  Log pruning complete.
2017-02-15 06:20:36.214+0000 INFO  [o.n.k.i.DiagnosticsManager] --- STOPPING diagnostics START ---
2017-02-15 06:20:36.214+0000 INFO  [o.n.k.i.DiagnosticsManager] --- STOPPING diagnostics END ---
