#
# A fatal error has been detected by the Java Runtime Environment:
#
#  SIGBUS (0xa) at pc=0x000000010b51ee92, pid=10686, tid=0x000000000000120b
#
# JRE version: Java(TM) SE Runtime Environment (8.0_112-b16) (build 1.8.0_112-b16)
# Java VM: Java HotSpot(TM) 64-Bit Server VM (25.112-b16 mixed mode bsd-amd64 compressed oops)
# Problematic frame:
# C  [libzip.dylib+0x2e92]  newEntry+0x154
#
# Failed to write core dump. Core dumps have been disabled. To enable core dumping, try "ulimit -c unlimited" before starting Java again
#
# If you would like to submit a bug report, please visit:
#   http://bugreport.java.com/bugreport/crash.jsp
# The crash happened outside the Java Virtual Machine in native code.
# See problematic frame for where to report the bug.
#

---------------  T H R E A D  ---------------

Current thread (0x00007fab5e847800):  JavaThread "Thread-2" [_thread_in_native, id=4619, stack(0x000070000e73b000,0x000070000e83b000)]

siginfo: si_signo: 10 (SIGBUS), si_code: 2 (BUS_ADRERR), si_addr: 0x000000012a0213a5

Registers:
RAX=0x00007fab55f117a0, RBX=0x000000012a021399, RCX=0x0000000000000001, RDX=0x0000000000000000
RSP=0x000070000e837610, RBP=0x000070000e837670, RSI=0x0000000000000001, RDI=0x000000000000002a
R8 =0x0000000000000048, R9 =0x00007fab5e402bb0, R10=0x00000000ffffffff, R11=0x0000000000000001
R12=0x000000012a49a000, R13=0x0000000000027b20, R14=0x00000000bd74148c, R15=0x00007fab58313fb0
RIP=0x000000010b51ee92, EFLAGS=0x0000000000010206, ERR=0x0000000000000004
  TRAPNO=0x000000000000000e

Top of Stack: (sp=0x000070000e837610)
0x000070000e837610:   000070000e837690 000000000e837660
0x000070000e837620:   000070000e837c60 000000010c74030b
0x000070000e837630:   000070000e837650 00007fab55f117a0
0x000070000e837640:   00007fab5e402bb0 00007fab55f117a0
0x000070000e837650:   000000012a49a000 0000000000027b20
0x000070000e837660:   00000000bd74148c 00007fab58313fb0
0x000070000e837670:   000070000e8376d0 000000010b51f52d
0x000070000e837680:   000070000e837733 000070000e837732
0x000070000e837690:   0000004300000000 0000004401847800
0x000070000e8376a0:   000070000e8376ee 000070000e837b38
0x000070000e8376b0:   0000000000000044 000070000e8376ee
0x000070000e8376c0:   00007fab55f117a0 00007fab5e8479f8
0x000070000e8376d0:   000070000e837b20 000000010b51e238
0x000070000e8376e0:   000000002acd8110 726f000000000001
0x000070000e8376f0:   2f6a346f656e2f67 692f6c656e72656b
0x000070000e837700:   6e6172742f6c706d 2f6e6f6974636173
0x000070000e837710:   2f676e6963617274 6b63656843676f4c
0x000070000e837720:   657645746e696f50 616c632e3124746e
0x000070000e837730:   000070000e007373 000000010f005df8
0x000070000e837740:   00007fab5e847800 000000010f005df8
0x000070000e837750:   00007fab5e847800 000000010f005df8
0x000070000e837760:   000000010f005df8 000000010f005df8
0x000070000e837770:   000000010f005df8 000000010f005df8
0x000070000e837780:   0000000000000000 0000000000000024
0x000070000e837790:   0000000000007eb0 00007fab5e847800
0x000070000e8377a0:   000070000e837980 000000010f84d047
0x000070000e8377b0:   0000000000000000 00000000434c0000
0x000070000e8377c0:   0000000042880000 6e6172742f6c706d
0x000070000e8377d0:   657645746e696f50 6e657645746e696f
0x000070000e8377e0:   0000000000000000 0000000000000000
0x000070000e8377f0:   0000000000000000 0000000000000000
0x000070000e837800:   0000000000000000 0000000000000000 

Instructions: (pc=0x000000010b51ee92)
0x000000010b51ee72:   49 8b 7f 38 e8 5b 1b 00 00 4d 89 77 38 49 89 5f
0x000000010b51ee82:   40 4c 89 f0 48 85 c0 0f 84 11 05 00 00 48 89 c3
0x000000010b51ee92:   0f b6 43 0c 0f b6 4b 0d 48 c1 e1 08 48 01 c1 0f
0x000000010b51eea2:   b6 43 0e 0f b6 53 0f 48 c1 e2 08 48 01 c2 48 c1 

Register to memory mapping:

RAX=0x00007fab55f117a0 is an unknown value
RBX=0x000000012a021399 is an unknown value
RCX=0x0000000000000001 is an unknown value
RDX=0x0000000000000000 is an unknown value
RSP=0x000070000e837610 is pointing into the stack for thread: 0x00007fab5e847800
RBP=0x000070000e837670 is pointing into the stack for thread: 0x00007fab5e847800
RSI=0x0000000000000001 is an unknown value
RDI=0x000000000000002a is an unknown value
R8 =0x0000000000000048 is an unknown value
R9 =0x00007fab5e402bb0 is an unknown value
R10=0x00000000ffffffff is an unknown value
R11=0x0000000000000001 is an unknown value
R12=0x000000012a49a000 is an unknown value
R13=0x0000000000027b20 is an unknown value
R14=0x00000000bd74148c is an unknown value
R15=0x00007fab58313fb0 is an unknown value


Stack: [0x000070000e73b000,0x000070000e83b000],  sp=0x000070000e837610,  free space=1009k
Native frames: (J=compiled Java code, j=interpreted, Vv=VM code, C=native code)
C  [libzip.dylib+0x2e92]  newEntry+0x154
C  [libzip.dylib+0x352d]  ZIP_GetEntry2+0xd4
C  [libzip.dylib+0x2238]  Java_java_util_zip_ZipFile_getEntry+0xcf
J 138  java.util.zip.ZipFile.getEntry(J[BZ)J (0 bytes) @ 0x000000010f8a450e [0x000000010f8a4440+0xce]
J 1592 C2 java.util.jar.JarFile.getEntry(Ljava/lang/String;)Ljava/util/zip/ZipEntry; (22 bytes) @ 0x000000010fc42fc4 [0x000000010fc42c60+0x364]
J 592 C2 sun.misc.URLClassPath$JarLoader.getResource(Ljava/lang/String;Z)Lsun/misc/Resource; (85 bytes) @ 0x000000010f9bec38 [0x000000010f9bea20+0x218]
J 2741 C2 java.net.URLClassLoader$1.run()Ljava/lang/Object; (5 bytes) @ 0x0000000110189c6c [0x00000001101896c0+0x5ac]
v  ~StubRoutines::call_stub
V  [libjvm.dylib+0x2edbd2]  JavaCalls::call_helper(JavaValue*, methodHandle*, JavaCallArguments*, Thread*)+0x6ae
V  [libjvm.dylib+0x34e310]  JVM_DoPrivileged+0x4b8
J 175  java.security.AccessController.doPrivileged(Ljava/security/PrivilegedExceptionAction;Ljava/security/AccessControlContext;)Ljava/lang/Object; (0 bytes) @ 0x000000010f8bb195 [0x000000010f8bb0c0+0xd5]
J 143 C1 java.net.URLClassLoader.findClass(Ljava/lang/String;)Ljava/lang/Class; (47 bytes) @ 0x000000010f8a5e54 [0x000000010f8a5cc0+0x194]
J 6592 C1 java.lang.ClassLoader.loadClass(Ljava/lang/String;Z)Ljava/lang/Class; (122 bytes) @ 0x00000001103f9a54 [0x00000001103f9100+0x954]
J 172 C1 sun.misc.Launcher$AppClassLoader.loadClass(Ljava/lang/String;Z)Ljava/lang/Class; (85 bytes) @ 0x000000010f8b99e4 [0x000000010f8b9040+0x9a4]
j  java.lang.ClassLoader.loadClass(Ljava/lang/String;)Ljava/lang/Class;+3
v  ~StubRoutines::call_stub
V  [libjvm.dylib+0x2edbd2]  JavaCalls::call_helper(JavaValue*, methodHandle*, JavaCallArguments*, Thread*)+0x6ae
V  [libjvm.dylib+0x2ee360]  JavaCalls::call_virtual(JavaValue*, KlassHandle, Symbol*, Symbol*, JavaCallArguments*, Thread*)+0x164
V  [libjvm.dylib+0x2ee4b8]  JavaCalls::call_virtual(JavaValue*, Handle, KlassHandle, Symbol*, Symbol*, Handle, Thread*)+0x56
V  [libjvm.dylib+0x53c1b6]  SystemDictionary::load_instance_class(Symbol*, Handle, Thread*)+0x2d8
V  [libjvm.dylib+0x53b97e]  SystemDictionary::resolve_instance_class_or_null(Symbol*, Handle, Handle, Thread*)+0x484
V  [libjvm.dylib+0x53c3d2]  SystemDictionary::resolve_or_null(Symbol*, Handle, Handle, Thread*)+0x106
V  [libjvm.dylib+0x53ca85]  SystemDictionary::resolve_or_fail(Symbol*, Handle, Handle, bool, Thread*)+0x31
V  [libjvm.dylib+0x1e2b7e]  ConstantPool::klass_at_impl(constantPoolHandle, int, Thread*)+0x2ee
V  [libjvm.dylib+0x1f2f8e]  ConstantPool::klass_at(int, Thread*)+0x92
V  [libjvm.dylib+0x2e95f3]  InterpreterRuntime::_new(JavaThread*, ConstantPool*, int)+0x2d
j  org.neo4j.kernel.impl.transaction.tracing.LogCheckPointEvent.<clinit>()V+0
v  ~StubRoutines::call_stub
V  [libjvm.dylib+0x2edbd2]  JavaCalls::call_helper(JavaValue*, methodHandle*, JavaCallArguments*, Thread*)+0x6ae
V  [libjvm.dylib+0x2c07c5]  InstanceKlass::call_class_initializer_impl(instanceKlassHandle, Thread*)+0xbf
V  [libjvm.dylib+0x2c1e29]  InstanceKlass::initialize_impl(instanceKlassHandle, Thread*)+0x4b5
V  [libjvm.dylib+0x2c20bf]  InstanceKlass::initialize(Thread*)+0x3d
V  [libjvm.dylib+0x3c8fc6]  LinkResolver::resolve_field(fieldDescriptor&, KlassHandle, Symbol*, Symbol*, KlassHandle, Bytecodes::Code, bool, bool, Thread*)+0x31a
V  [libjvm.dylib+0x3cb5ab]  LinkResolver::resolve_field_access(fieldDescriptor&, constantPoolHandle, int, Bytecodes::Code, Thread*)+0x101
V  [libjvm.dylib+0x2e8abf]  InterpreterRuntime::resolve_get_put(JavaThread*, Bytecodes::Code)+0x119
j  org.neo4j.kernel.impl.transaction.log.checkpoint.CheckPointerImpl.forceCheckPoint(Lorg/neo4j/kernel/impl/transaction/log/checkpoint/TriggerInfo;)J+20
j  org.neo4j.kernel.NeoStoreDataSource$5.shutdown()V+34
j  org.neo4j.kernel.lifecycle.LifeSupport$LifecycleInstance.shutdown()V+50
j  org.neo4j.kernel.lifecycle.LifeSupport.shutdown()V+69
j  org.neo4j.kernel.NeoStoreDataSource.stop()V+44
j  org.neo4j.kernel.lifecycle.LifeSupport$LifecycleInstance.stop()V+36
j  org.neo4j.kernel.lifecycle.LifeSupport.stopInstances(Ljava/util/List;)Lorg/neo4j/kernel/lifecycle/LifecycleException;+29
j  org.neo4j.kernel.lifecycle.LifeSupport.stop()V+31
j  org.neo4j.kernel.impl.transaction.state.DataSourceManager.stop()V+4
j  org.neo4j.kernel.lifecycle.LifeSupport$LifecycleInstance.stop()V+36
j  org.neo4j.kernel.lifecycle.LifeSupport.stopInstances(Ljava/util/List;)Lorg/neo4j/kernel/lifecycle/LifecycleException;+29
j  org.neo4j.kernel.lifecycle.LifeSupport.stop()V+31
j  org.neo4j.kernel.lifecycle.LifeSupport.shutdown()V+3
j  org.neo4j.kernel.impl.factory.ClassicCoreSPI.shutdown()V+28
j  org.neo4j.kernel.impl.factory.GraphDatabaseFacade.shutdown()V+4
j  Setram$2.run()V+4
v  ~StubRoutines::call_stub
V  [libjvm.dylib+0x2edbd2]  JavaCalls::call_helper(JavaValue*, methodHandle*, JavaCallArguments*, Thread*)+0x6ae
V  [libjvm.dylib+0x2ee360]  JavaCalls::call_virtual(JavaValue*, KlassHandle, Symbol*, Symbol*, JavaCallArguments*, Thread*)+0x164
V  [libjvm.dylib+0x2ee50c]  JavaCalls::call_virtual(JavaValue*, Handle, KlassHandle, Symbol*, Symbol*, Thread*)+0x4a
V  [libjvm.dylib+0x348c59]  thread_entry(JavaThread*, Thread*)+0x7c
V  [libjvm.dylib+0x56b033]  JavaThread::thread_main_inner()+0x9b
V  [libjvm.dylib+0x56c720]  JavaThread::run()+0x1c2
V  [libjvm.dylib+0x48a7ae]  java_start(Thread*)+0xf6
C  [libsystem_pthread.dylib+0x3aab]  _pthread_body+0xb4
C  [libsystem_pthread.dylib+0x39f7]  _pthread_body+0x0
C  [libsystem_pthread.dylib+0x31fd]  thread_start+0xd
C  0x0000000000000000

Java frames: (J=compiled Java code, j=interpreted, Vv=VM code)
J 138  java.util.zip.ZipFile.getEntry(J[BZ)J (0 bytes) @ 0x000000010f8a4498 [0x000000010f8a4440+0x58]
J 1592 C2 java.util.jar.JarFile.getEntry(Ljava/lang/String;)Ljava/util/zip/ZipEntry; (22 bytes) @ 0x000000010fc42fc4 [0x000000010fc42c60+0x364]
J 592 C2 sun.misc.URLClassPath$JarLoader.getResource(Ljava/lang/String;Z)Lsun/misc/Resource; (85 bytes) @ 0x000000010f9bec38 [0x000000010f9bea20+0x218]
J 2741 C2 java.net.URLClassLoader$1.run()Ljava/lang/Object; (5 bytes) @ 0x0000000110189c6c [0x00000001101896c0+0x5ac]
v  ~StubRoutines::call_stub
J 175  java.security.AccessController.doPrivileged(Ljava/security/PrivilegedExceptionAction;Ljava/security/AccessControlContext;)Ljava/lang/Object; (0 bytes) @ 0x000000010f8bb123 [0x000000010f8bb0c0+0x63]
J 143 C1 java.net.URLClassLoader.findClass(Ljava/lang/String;)Ljava/lang/Class; (47 bytes) @ 0x000000010f8a5e54 [0x000000010f8a5cc0+0x194]
J 6592 C1 java.lang.ClassLoader.loadClass(Ljava/lang/String;Z)Ljava/lang/Class; (122 bytes) @ 0x00000001103f9a54 [0x00000001103f9100+0x954]
J 172 C1 sun.misc.Launcher$AppClassLoader.loadClass(Ljava/lang/String;Z)Ljava/lang/Class; (85 bytes) @ 0x000000010f8b99e4 [0x000000010f8b9040+0x9a4]
j  java.lang.ClassLoader.loadClass(Ljava/lang/String;)Ljava/lang/Class;+3
v  ~StubRoutines::call_stub
j  org.neo4j.kernel.impl.transaction.tracing.LogCheckPointEvent.<clinit>()V+0
v  ~StubRoutines::call_stub
j  org.neo4j.kernel.impl.transaction.log.checkpoint.CheckPointerImpl.forceCheckPoint(Lorg/neo4j/kernel/impl/transaction/log/checkpoint/TriggerInfo;)J+20
j  org.neo4j.kernel.NeoStoreDataSource$5.shutdown()V+34
j  org.neo4j.kernel.lifecycle.LifeSupport$LifecycleInstance.shutdown()V+50
j  org.neo4j.kernel.lifecycle.LifeSupport.shutdown()V+69
j  org.neo4j.kernel.NeoStoreDataSource.stop()V+44
j  org.neo4j.kernel.lifecycle.LifeSupport$LifecycleInstance.stop()V+36
j  org.neo4j.kernel.lifecycle.LifeSupport.stopInstances(Ljava/util/List;)Lorg/neo4j/kernel/lifecycle/LifecycleException;+29
j  org.neo4j.kernel.lifecycle.LifeSupport.stop()V+31
j  org.neo4j.kernel.impl.transaction.state.DataSourceManager.stop()V+4
j  org.neo4j.kernel.lifecycle.LifeSupport$LifecycleInstance.stop()V+36
j  org.neo4j.kernel.lifecycle.LifeSupport.stopInstances(Ljava/util/List;)Lorg/neo4j/kernel/lifecycle/LifecycleException;+29
j  org.neo4j.kernel.lifecycle.LifeSupport.stop()V+31
j  org.neo4j.kernel.lifecycle.LifeSupport.shutdown()V+3
j  org.neo4j.kernel.impl.factory.ClassicCoreSPI.shutdown()V+28
j  org.neo4j.kernel.impl.factory.GraphDatabaseFacade.shutdown()V+4
j  Setram$2.run()V+4
v  ~StubRoutines::call_stub

---------------  P R O C E S S  ---------------

Java Threads: ( => current thread )
  0x00007fab59035800 JavaThread "SIGINT handler" daemon [_thread_blocked, id=34563, stack(0x000070000e941000,0x000070000ea41000)]
=>0x00007fab5e847800 JavaThread "Thread-2" [_thread_in_native, id=4619, stack(0x000070000e73b000,0x000070000e83b000)]
  0x00007fab5e846800 JavaThread "SIGINT handler" daemon [_thread_blocked, id=26895, stack(0x000070000d80e000,0x000070000d90e000)]
  0x00007fab57a32000 JavaThread "JS executor for com.gargoylesoftware.htmlunit.WebClient@5a1c8f0a" daemon [_thread_blocked, id=33287, stack(0x000070000e638000,0x000070000e738000)]
  0x00007fab57f2b800 JavaThread "JS executor for com.gargoylesoftware.htmlunit.WebClient@7645a7a1" daemon [_thread_blocked, id=33543, stack(0x000070000e535000,0x000070000e635000)]
  0x00007fab56163800 JavaThread "JS executor for com.gargoylesoftware.htmlunit.WebClient@2132aaaa" daemon [_thread_blocked, id=33031, stack(0x000070000e432000,0x000070000e532000)]
  0x00007fab5886c800 JavaThread "Scheduler-720080643" [_thread_blocked, id=5127, stack(0x000070000e32f000,0x000070000e42f000)]
  0x00007fab5b8ce000 JavaThread "org.eclipse.jetty.server.session.HashSessionManager@ee3dc3Timer" daemon [_thread_blocked, id=32003, stack(0x000070000e22c000,0x000070000e32c000)]
  0x00007fab5b8cd800 JavaThread "qtp316402512-36" [_thread_in_native, id=31491, stack(0x000070000e129000,0x000070000e229000)]
  0x00007fab5d876000 JavaThread "qtp316402512-35" [_thread_in_native, id=30979, stack(0x000070000e026000,0x000070000e126000)]
  0x00007fab56742000 JavaThread "qtp316402512-34" [_thread_in_native, id=30467, stack(0x000070000df23000,0x000070000e023000)]
  0x00007fab5686a000 JavaThread "qtp316402512-33-acceptor-0@7a3cf2cb-ServerConnector@74fb13fc{HTTP/1.1,[http/1.1]}{0.0.0.0:5000}" [_thread_in_native, id=29955, stack(0x000070000de20000,0x000070000df20000)]
  0x00007fab5d6b2000 JavaThread "qtp316402512-32" [_thread_in_native, id=29443, stack(0x000070000dd1d000,0x000070000de1d000)]
  0x00007fab57001800 JavaThread "qtp316402512-31" [_thread_blocked, id=28931, stack(0x000070000dc1a000,0x000070000dd1a000)]
  0x00007fab578b2000 JavaThread "qtp316402512-30" [_thread_blocked, id=28419, stack(0x000070000db17000,0x000070000dc17000)]
  0x00007fab578b1000 JavaThread "qtp316402512-29" [_thread_blocked, id=27911, stack(0x000070000da14000,0x000070000db14000)]
  0x00007fab5673f000 JavaThread "DestroyJavaVM" [_thread_blocked, id=7171, stack(0x000070000bbba000,0x000070000bcba000)]
  0x00007fab5b8c9800 JavaThread "Thread-3" [_thread_blocked, id=27395, stack(0x000070000d911000,0x000070000da11000)]
  0x00007fab5627d000 JavaThread "neo4j.Scheduled-2" daemon [_thread_blocked, id=25867, stack(0x000070000d608000,0x000070000d708000)]
  0x00007fab56904000 JavaThread "MuninnPageCache[1]-EvictionTask" daemon [_thread_blocked, id=25347, stack(0x000070000d505000,0x000070000d605000)]
  0x00007fab56951000 JavaThread "neo4j.Scheduled-1" daemon [_thread_blocked, id=24835, stack(0x000070000d402000,0x000070000d502000)]
  0x00007fab56848800 JavaThread "pool-3-thread-1" daemon [_thread_blocked, id=23811, stack(0x000070000d1fc000,0x000070000d2fc000)]
  0x00007fab56848000 JavaThread "cluster-ClusterId{value='589f721c4fff6729beb30551', description='null'}-ds141328.mlab.com:41328" daemon [_thread_blocked, id=23299, stack(0x000070000d0f9000,0x000070000d1f9000)]
  0x00007fab570d1000 JavaThread "pool-2-thread-1" daemon [_thread_blocked, id=22787, stack(0x000070000cff6000,0x000070000d0f6000)]
  0x00007fab56146800 JavaThread "cluster-ClusterId{value='589f721c4fff6729beb30550', description='null'}-ds141328.mlab.com:41328" daemon [_thread_blocked, id=22275, stack(0x000070000cef3000,0x000070000cff3000)]
  0x00007fab56029000 JavaThread "Service Thread" daemon [_thread_blocked, id=21251, stack(0x000070000cced000,0x000070000cded000)]
  0x00007fab56020800 JavaThread "C1 CompilerThread3" daemon [_thread_blocked, id=20739, stack(0x000070000cbea000,0x000070000ccea000)]
  0x00007fab57048000 JavaThread "C2 CompilerThread2" daemon [_thread_blocked, id=20227, stack(0x000070000cae7000,0x000070000cbe7000)]
  0x00007fab5601f800 JavaThread "C2 CompilerThread1" daemon [_thread_blocked, id=19715, stack(0x000070000c9e4000,0x000070000cae4000)]
  0x00007fab5600f000 JavaThread "C2 CompilerThread0" daemon [_thread_blocked, id=19203, stack(0x000070000c8e1000,0x000070000c9e1000)]
  0x00007fab56016000 JavaThread "Signal Dispatcher" daemon [_thread_blocked, id=18691, stack(0x000070000c7de000,0x000070000c8de000)]
  0x00007fab56003800 JavaThread "Finalizer" daemon [_thread_blocked, id=14595, stack(0x000070000c6db000,0x000070000c7db000)]
  0x00007fab56801000 JavaThread "Reference Handler" daemon [_thread_blocked, id=14083, stack(0x000070000c5d8000,0x000070000c6d8000)]

Other Threads:
  0x00007fab5782e000 VMThread [stack: 0x000070000c4d5000,0x000070000c5d5000] [id=13571]
  0x00007fab5788a000 WatcherThread [stack: 0x000070000cdf0000,0x000070000cef0000] [id=21763]

VM state:not at safepoint (normal execution)

VM Mutex/Monitor currently owned by a thread: None

Heap:
 PSYoungGen      total 259072K, used 57594K [0x000000076ab00000, 0x0000000780580000, 0x00000007c0000000)
  eden space 203776K, 15% used [0x000000076ab00000,0x000000076c9475a0,0x0000000777200000)
  from space 55296K, 48% used [0x0000000777200000,0x0000000778bf7288,0x000000077a800000)
  to   space 54272K, 0% used [0x000000077d080000,0x000000077d080000,0x0000000780580000)
 ParOldGen       total 291840K, used 58093K [0x00000006c0000000, 0x00000006d1d00000, 0x000000076ab00000)
  object space 291840K, 19% used [0x00000006c0000000,0x00000006c38bb5f0,0x00000006d1d00000)
 Metaspace       used 57453K, capacity 58300K, committed 58624K, reserved 1097728K
  class space    used 10193K, capacity 10410K, committed 10496K, reserved 1048576K

Card table byte_map: [0x000000010d962000,0x000000010e163000] byte_map_base: 0x000000010a362000

Marking Bits: (ParMarkBitMap*) 0x000000010cef0d30
 Begin Bits: [0x000000011e74f000, 0x000000012274f000)
 End Bits:   [0x000000012274f000, 0x000000012674f000)

Polling page: 0x000000010b512000

CodeCache: size=245760Kb used=15413Kb max_used=16763Kb free=230346Kb
 bounds [0x000000010f74f000, 0x00000001107cf000, 0x000000011e74f000]
 total_blobs=6164 nmethods=5533 adapters=543
 compilation: enabled

Compilation events (10 events):
Event: 514,684 Thread 0x00007fab57048000 6683       4       java.lang.Integer::hashCode (8 bytes)
Event: 514,685 Thread 0x00007fab57048000 nmethod 6683 0x000000010fef0510 code [0x000000010fef0660, 0x000000010fef06b8]
Event: 524,686 Thread 0x00007fab56020800 6684       1       com.mongodb.internal.validator.NoOpFieldNameValidator::validate (2 bytes)
Event: 524,686 Thread 0x00007fab56020800 nmethod 6684 0x000000010f8dc110 code [0x000000010f8dc260, 0x000000010f8dc370]
Event: 554,824 Thread 0x00007fab56020800 6685       1       org.bson.AbstractBsonWriter$Context::access$000 (5 bytes)
Event: 554,824 Thread 0x00007fab56020800 nmethod 6685 0x000000010f9baed0 code [0x000000010f9bb020, 0x000000010f9bb110]
Event: 554,870 Thread 0x00007fab56020800 6686       3       java.nio.HeapByteBuffer::getLong (19 bytes)
Event: 554,871 Thread 0x00007fab56020800 nmethod 6686 0x000000010f85f250 code [0x000000010f85f3e0, 0x000000010f85f7e8]
Event: 554,871 Thread 0x00007fab56020800 6687       3       java.nio.Bits::getLong (18 bytes)
Event: 554,871 Thread 0x00007fab56020800 nmethod 6687 0x000000011066d3d0 code [0x000000011066d540, 0x000000011066d738]

GC Heap History (10 events):
Event: 3,127 GC heap before
{Heap before GC invocations=5 (full 1):
 PSYoungGen      total 141824K, used 141800K [0x000000076ab00000, 0x0000000776100000, 0x00000007c0000000)
  eden space 131072K, 100% used [0x000000076ab00000,0x0000000772b00000,0x0000000772b00000)
  from space 10752K, 99% used [0x0000000772b00000,0x000000077357a2f8,0x0000000773580000)
  to   space 10752K, 0% used [0x0000000775680000,0x0000000775680000,0x0000000776100000)
 ParOldGen       total 219136K, used 66504K [0x00000006c0000000, 0x00000006cd600000, 0x000000076ab00000)
  object space 219136K, 30% used [0x00000006c0000000,0x00000006c40f2130,0x00000006cd600000)
 Metaspace       used 34281K, capacity 34962K, committed 35200K, reserved 1079296K
  class space    used 5834K, capacity 6013K, committed 6016K, reserved 1048576K
Event: 3,132 GC heap after
Heap after GC invocations=5 (full 1):
 PSYoungGen      total 170496K, used 4891K [0x000000076ab00000, 0x0000000775e80000, 0x00000007c0000000)
  eden space 162304K, 0% used [0x000000076ab00000,0x000000076ab00000,0x0000000774980000)
  from space 8192K, 59% used [0x0000000775680000,0x0000000775b46da0,0x0000000775e80000)
  to   space 10752K, 0% used [0x0000000774980000,0x0000000774980000,0x0000000775400000)
 ParOldGen       total 219136K, used 66512K [0x00000006c0000000, 0x00000006cd600000, 0x000000076ab00000)
  object space 219136K, 30% used [0x00000006c0000000,0x00000006c40f4130,0x00000006cd600000)
 Metaspace       used 34281K, capacity 34962K, committed 35200K, reserved 1079296K
  class space    used 5834K, capacity 6013K, committed 6016K, reserved 1048576K
}
Event: 3,203 GC heap before
{Heap before GC invocations=6 (full 1):
 PSYoungGen      total 170496K, used 26153K [0x000000076ab00000, 0x0000000775e80000, 0x00000007c0000000)
  eden space 162304K, 13% used [0x000000076ab00000,0x000000076bfc3a10,0x0000000774980000)
  from space 8192K, 59% used [0x0000000775680000,0x0000000775b46da0,0x0000000775e80000)
  to   space 10752K, 0% used [0x0000000774980000,0x0000000774980000,0x0000000775400000)
 ParOldGen       total 219136K, used 66512K [0x00000006c0000000, 0x00000006cd600000, 0x000000076ab00000)
  object space 219136K, 30% used [0x00000006c0000000,0x00000006c40f4130,0x00000006cd600000)
 Metaspace       used 34697K, capacity 35346K, committed 35496K, reserved 1079296K
  class space    used 5902K, capacity 6077K, committed 6144K, reserved 1048576K
Event: 3,207 GC heap after
Heap after GC invocations=6 (full 1):
 PSYoungGen      total 173056K, used 5235K [0x000000076ab00000, 0x000000077ea00000, 0x00000007c0000000)
  eden space 162304K, 0% used [0x000000076ab00000,0x000000076ab00000,0x0000000774980000)
  from space 10752K, 48% used [0x0000000774980000,0x0000000774e9cc08,0x0000000775400000)
  to   space 57344K, 0% used [0x000000077b200000,0x000000077b200000,0x000000077ea00000)
 ParOldGen       total 219136K, used 66520K [0x00000006c0000000, 0x00000006cd600000, 0x000000076ab00000)
  object space 219136K, 30% used [0x00000006c0000000,0x00000006c40f6130,0x00000006cd600000)
 Metaspace       used 34697K, capacity 35346K, committed 35496K, reserved 1079296K
  class space    used 5902K, capacity 6077K, committed 6144K, reserved 1048576K
}
Event: 3,208 GC heap before
{Heap before GC invocations=7 (full 2):
 PSYoungGen      total 173056K, used 5235K [0x000000076ab00000, 0x000000077ea00000, 0x00000007c0000000)
  eden space 162304K, 0% used [0x000000076ab00000,0x000000076ab00000,0x0000000774980000)
  from space 10752K, 48% used [0x0000000774980000,0x0000000774e9cc08,0x0000000775400000)
  to   space 57344K, 0% used [0x000000077b200000,0x000000077b200000,0x000000077ea00000)
 ParOldGen       total 219136K, used 66520K [0x00000006c0000000, 0x00000006cd600000, 0x000000076ab00000)
  object space 219136K, 30% used [0x00000006c0000000,0x00000006c40f6130,0x00000006cd600000)
 Metaspace       used 34697K, capacity 35346K, committed 35496K, reserved 1079296K
  class space    used 5902K, capacity 6077K, committed 6144K, reserved 1048576K
Event: 3,339 GC heap after
Heap after GC invocations=7 (full 2):
 PSYoungGen      total 173056K, used 0K [0x000000076ab00000, 0x000000077ea00000, 0x00000007c0000000)
  eden space 162304K, 0% used [0x000000076ab00000,0x000000076ab00000,0x0000000774980000)
  from space 10752K, 0% used [0x0000000774980000,0x0000000774980000,0x0000000775400000)
  to   space 57344K, 0% used [0x000000077b200000,0x000000077b200000,0x000000077ea00000)
 ParOldGen       total 291840K, used 58069K [0x00000006c0000000, 0x00000006d1d00000, 0x000000076ab00000)
  object space 291840K, 19% used [0x00000006c0000000,0x00000006c38b55f0,0x00000006d1d00000)
 Metaspace       used 34697K, capacity 35346K, committed 35496K, reserved 1079296K
  class space    used 5902K, capacity 6077K, committed 6144K, reserved 1048576K
}
Event: 3,766 GC heap before
{Heap before GC invocations=8 (full 2):
 PSYoungGen      total 173056K, used 162304K [0x000000076ab00000, 0x000000077ea00000, 0x00000007c0000000)
  eden space 162304K, 100% used [0x000000076ab00000,0x0000000774980000,0x0000000774980000)
  from space 10752K, 0% used [0x0000000774980000,0x0000000774980000,0x0000000775400000)
  to   space 57344K, 0% used [0x000000077b200000,0x000000077b200000,0x000000077ea00000)
 ParOldGen       total 291840K, used 58069K [0x00000006c0000000, 0x00000006d1d00000, 0x000000076ab00000)
  object space 291840K, 19% used [0x00000006c0000000,0x00000006c38b55f0,0x00000006d1d00000)
 Metaspace       used 36745K, capacity 37462K, committed 37632K, reserved 1081344K
  class space    used 6201K, capacity 6397K, committed 6400K, reserved 1048576K
Event: 3,770 GC heap after
Heap after GC invocations=8 (full 2):
 PSYoungGen      total 248832K, used 4621K [0x000000076ab00000, 0x000000077de00000, 0x00000007c0000000)
  eden space 203776K, 0% used [0x000000076ab00000,0x000000076ab00000,0x0000000777200000)
  from space 45056K, 10% used [0x000000077b200000,0x000000077b683618,0x000000077de00000)
  to   space 55296K, 0% used [0x0000000777200000,0x0000000777200000,0x000000077a800000)
 ParOldGen       total 291840K, used 58077K [0x00000006c0000000, 0x00000006d1d00000, 0x000000076ab00000)
  object space 291840K, 19% used [0x00000006c0000000,0x00000006c38b75f0,0x00000006d1d00000)
 Metaspace       used 36745K, capacity 37462K, committed 37632K, reserved 1081344K
  class space    used 6201K, capacity 6397K, committed 6400K, reserved 1048576K
}
Event: 14,144 GC heap before
{Heap before GC invocations=9 (full 2):
 PSYoungGen      total 248832K, used 208397K [0x000000076ab00000, 0x000000077de00000, 0x00000007c0000000)
  eden space 203776K, 100% used [0x000000076ab00000,0x0000000777200000,0x0000000777200000)
  from space 45056K, 10% used [0x000000077b200000,0x000000077b683618,0x000000077de00000)
  to   space 55296K, 0% used [0x0000000777200000,0x0000000777200000,0x000000077a800000)
 ParOldGen       total 291840K, used 58077K [0x00000006c0000000, 0x00000006d1d00000, 0x000000076ab00000)
  object space 291840K, 19% used [0x00000006c0000000,0x00000006c38b75f0,0x00000006d1d00000)
 Metaspace       used 57037K, capacity 57856K, committed 58240K, reserved 1097728K
  class space    used 10150K, capacity 10360K, committed 10368K, reserved 1048576K
Event: 14,164 GC heap after
Heap after GC invocations=9 (full 2):
 PSYoungGen      total 259072K, used 26588K [0x000000076ab00000, 0x0000000780580000, 0x00000007c0000000)
  eden space 203776K, 0% used [0x000000076ab00000,0x000000076ab00000,0x0000000777200000)
  from space 55296K, 48% used [0x0000000777200000,0x0000000778bf7288,0x000000077a800000)
  to   space 54272K, 0% used [0x000000077d080000,0x000000077d080000,0x0000000780580000)
 ParOldGen       total 291840K, used 58093K [0x00000006c0000000, 0x00000006d1d00000, 0x000000076ab00000)
  object space 291840K, 19% used [0x00000006c0000000,0x00000006c38bb5f0,0x00000006d1d00000)
 Metaspace       used 57037K, capacity 57856K, committed 58240K, reserved 1097728K
  class space    used 10150K, capacity 10360K, committed 10368K, reserved 1048576K
}

Deoptimization events (10 events):
Event: 13,698 Thread 0x00007fab56742000 Uncommon trap: reason=class_check action=maybe_recompile pc=0x000000010fc45750 method=java.util.zip.InflaterInputStream.read([BII)I @ 100
Event: 13,708 Thread 0x00007fab56742000 Uncommon trap: reason=unstable_if action=reinterpret pc=0x000000010fa6a39c method=java.lang.CharacterDataLatin1.digit(II)I @ 82
Event: 14,675 Thread 0x00007fab56742000 Uncommon trap: reason=unstable_if action=reinterpret pc=0x000000010feaca58 method=sun.misc.Launcher$AppClassLoader.loadClass(Ljava/lang/String;Z)Ljava/lang/Class; @ 9
Event: 14,675 Thread 0x00007fab56742000 Uncommon trap: reason=unstable_if action=reinterpret pc=0x000000010fc4c164 method=java.lang.ClassLoader.checkName(Ljava/lang/String;)Z @ 20
Event: 14,675 Thread 0x00007fab56742000 Uncommon trap: reason=unstable_if action=reinterpret pc=0x000000010fb5e230 method=java.lang.ClassLoader.checkName(Ljava/lang/String;)Z @ 20
Event: 14,678 Thread 0x00007fab56742000 Uncommon trap: reason=unstable_if action=reinterpret pc=0x000000010f8c3ea4 method=sun.nio.cs.UTF_8$Encoder.encode([CII[B)I @ 33
Event: 555,866 Thread 0x00007fab56016000 Uncommon trap: reason=bimorphic action=maybe_recompile pc=0x00000001107b6bf0 method=java.util.Hashtable.get(Ljava/lang/Object;)Ljava/lang/Object; @ 6
Event: 555,866 Thread 0x00007fab56016000 Uncommon trap: reason=bimorphic action=maybe_recompile pc=0x00000001107b6bf0 method=java.util.Hashtable.get(Ljava/lang/Object;)Ljava/lang/Object; @ 6
Event: 555,867 Thread 0x00007fab56016000 Uncommon trap: reason=bimorphic action=maybe_recompile pc=0x00000001107b6bf0 method=java.util.Hashtable.get(Ljava/lang/Object;)Ljava/lang/Object; @ 6
Event: 555,867 Thread 0x00007fab56016000 Uncommon trap: reason=bimorphic action=maybe_recompile pc=0x00000001107b6bf0 method=java.util.Hashtable.get(Ljava/lang/Object;)Ljava/lang/Object; @ 6

Internal exceptions (10 events):
Event: 4,388 Thread 0x00007fab57001800 Exception <a 'sun/nio/fs/UnixException'> (0x00000007707adec8) thrown at [/Users/java_re/workspace/8-2-build-macosx-x86_64/jdk8u112/7935/hotspot/src/share/vm/prims/jni.cpp, line 709]
Event: 4,389 Thread 0x00007fab57001800 Exception <a 'sun/nio/fs/UnixException'> (0x00000007707b85c0) thrown at [/Users/java_re/workspace/8-2-build-macosx-x86_64/jdk8u112/7935/hotspot/src/share/vm/prims/jni.cpp, line 709]
Event: 12,605 Thread 0x00007fab56742000 Exception <a 'java/lang/NoClassDefFoundError': org/apache/log4j/Priority> (0x0000000772188988) thrown at [/Users/java_re/workspace/8-2-build-macosx-x86_64/jdk8u112/7935/hotspot/src/share/vm/classfile/systemDictionary.cpp, line 199]
Event: 12,958 Thread 0x00007fab56742000 Exception <a 'java/lang/NoSuchMethodError': java.lang.Object.lambda$static$0()V> (0x00000007753a35f8) thrown at [/Users/java_re/workspace/8-2-build-macosx-x86_64/jdk8u112/7935/hotspot/src/share/vm/interpreter/linkResolver.cpp, line 582]
Event: 13,435 Thread 0x00007fab56742000 Implicit null exception at 0x000000010fe2f1dc to 0x000000010fe2f27d
Event: 13,436 Thread 0x00007fab56742000 Implicit null exception at 0x00000001105491d3 to 0x000000011054925a
Event: 13,436 Thread 0x00007fab56742000 Implicit null exception at 0x000000010faa6c6f to 0x000000010faa6cd9
Event: 29,566 Thread 0x00007fab5f800000 Exception <a 'java/lang/IllegalMonitorStateException'> (0x000000076ba69ab8) thrown at [/Users/java_re/workspace/8-2-build-macosx-x86_64/jdk8u112/7935/hotspot/src/share/vm/runtime/objectMonitor.cpp, line 1471]
Event: 301,552 Thread 0x00007fab56951000 Exception <a 'sun/nio/fs/UnixException'> (0x000000076bc35b80) thrown at [/Users/java_re/workspace/8-2-build-macosx-x86_64/jdk8u112/7935/hotspot/src/share/vm/prims/jni.cpp, line 709]
Event: 555,868 Thread 0x00007fab56298000 Exception <a 'java/lang/InterruptedException'> (0x000000076c8c7fc0) thrown at [/Users/java_re/workspace/8-2-build-macosx-x86_64/jdk8u112/7935/hotspot/src/share/vm/runtime/objectMonitor.cpp, line 1684]

Events (10 events):
Event: 555,867 Thread 0x00007fab5e847800 Thread added: 0x00007fab5e847800
Event: 555,867 Thread 0x00007fab5e879800 Thread added: 0x00007fab5e879800
Event: 555,867 Thread 0x00007fab59035800 Thread added: 0x00007fab59035800
Event: 555,867 loading class org/neo4j/helpers/Listeners$Notification
Event: 555,867 loading class org/neo4j/helpers/Listeners$Notification done
Event: 555,867 Thread 0x00007fab5e879800 Thread exited: 0x00007fab5e879800
Event: 555,868 Thread 0x00007fab572a5800 Thread exited: 0x00007fab572a5800
Event: 555,868 Thread 0x00007fab56298000 Thread exited: 0x00007fab56298000
Event: 555,868 loading class org/neo4j/kernel/impl/transaction/tracing/LogCheckPointEvent$1
Event: 555,868 loading class org/neo4j/kernel/impl/transaction/tracing/LogCheckPointEvent$1 done


Dynamic libraries:
0x0000000022747000 	/System/Library/Frameworks/Cocoa.framework/Versions/A/Cocoa
0x0000000022747000 	/System/Library/Frameworks/Security.framework/Versions/A/Security
0x0000000022747000 	/System/Library/Frameworks/ApplicationServices.framework/Versions/A/ApplicationServices
0x0000000022747000 	/usr/lib/libz.1.dylib
0x0000000022747000 	/usr/lib/libSystem.B.dylib
0x0000000022747000 	/usr/lib/libobjc.A.dylib
0x0000000022747000 	/System/Library/Frameworks/CoreFoundation.framework/Versions/A/CoreFoundation
0x0000000022747000 	/System/Library/Frameworks/Foundation.framework/Versions/C/Foundation
0x0000000022747000 	/System/Library/Frameworks/AppKit.framework/Versions/C/AppKit
0x0000000022747000 	/System/Library/Frameworks/CoreData.framework/Versions/A/CoreData
0x0000000022747000 	/System/Library/PrivateFrameworks/RemoteViewServices.framework/Versions/A/RemoteViewServices
0x0000000022747000 	/System/Library/PrivateFrameworks/UIFoundation.framework/Versions/A/UIFoundation
0x0000000022747000 	/System/Library/PrivateFrameworks/DFRFoundation.framework/Versions/A/DFRFoundation
0x0000000022747000 	/usr/lib/libenergytrace.dylib
0x0000000022747000 	/System/Library/PrivateFrameworks/SkyLight.framework/Versions/A/SkyLight
0x0000000022747000 	/System/Library/Frameworks/CoreGraphics.framework/Versions/A/CoreGraphics
0x0000000022747000 	/usr/lib/libScreenReader.dylib
0x0000000022747000 	/System/Library/Frameworks/Accelerate.framework/Versions/A/Accelerate
0x0000000022747000 	/System/Library/Frameworks/IOSurface.framework/Versions/A/IOSurface
0x0000000022747000 	/System/Library/Frameworks/AudioToolbox.framework/Versions/A/AudioToolbox
0x0000000022747000 	/System/Library/Frameworks/AudioUnit.framework/Versions/A/AudioUnit
0x0000000022747000 	/System/Library/PrivateFrameworks/DataDetectorsCore.framework/Versions/A/DataDetectorsCore
0x0000000022747000 	/System/Library/PrivateFrameworks/DesktopServicesPriv.framework/Versions/A/DesktopServicesPriv
0x0000000022747000 	/System/Library/Frameworks/Carbon.framework/Versions/A/Frameworks/HIToolbox.framework/Versions/A/HIToolbox
0x0000000022747000 	/usr/lib/libicucore.A.dylib
0x0000000022747000 	/System/Library/Frameworks/QuartzCore.framework/Versions/A/QuartzCore
0x0000000022747000 	/System/Library/Frameworks/Carbon.framework/Versions/A/Frameworks/SpeechRecognition.framework/Versions/A/SpeechRecognition
0x0000000022747000 	/usr/lib/libauto.dylib
0x0000000022747000 	/usr/lib/libxml2.2.dylib
0x0000000022747000 	/System/Library/PrivateFrameworks/CoreUI.framework/Versions/A/CoreUI
0x0000000022747000 	/System/Library/Frameworks/CoreAudio.framework/Versions/A/CoreAudio
0x0000000022747000 	/System/Library/Frameworks/DiskArbitration.framework/Versions/A/DiskArbitration
0x0000000022747000 	/usr/lib/liblangid.dylib
0x0000000022747000 	/System/Library/PrivateFrameworks/MultitouchSupport.framework/Versions/A/MultitouchSupport
0x0000000022747000 	/System/Library/Frameworks/IOKit.framework/Versions/A/IOKit
0x0000000022747000 	/usr/lib/libDiagnosticMessagesClient.dylib
0x0000000022747000 	/System/Library/Frameworks/CoreServices.framework/Versions/A/CoreServices
0x0000000022747000 	/System/Library/PrivateFrameworks/PerformanceAnalysis.framework/Versions/A/PerformanceAnalysis
0x0000000022747000 	/System/Library/PrivateFrameworks/GenerationalStorage.framework/Versions/A/GenerationalStorage
0x0000000022747000 	/System/Library/Frameworks/OpenGL.framework/Versions/A/OpenGL
0x0000000022747000 	/System/Library/Frameworks/CoreImage.framework/Versions/A/CoreImage
0x0000000022747000 	/System/Library/Frameworks/CoreText.framework/Versions/A/CoreText
0x0000000022747000 	/System/Library/Frameworks/ImageIO.framework/Versions/A/ImageIO
0x0000000022747000 	/System/Library/PrivateFrameworks/Backup.framework/Versions/A/Backup
0x0000000022747000 	/usr/lib/libarchive.2.dylib
0x0000000022747000 	/System/Library/Frameworks/CFNetwork.framework/Versions/A/CFNetwork
0x0000000022747000 	/System/Library/Frameworks/SystemConfiguration.framework/Versions/A/SystemConfiguration
0x0000000022747000 	/usr/lib/libCRFSuite.dylib
0x0000000022747000 	/usr/lib/libc++.1.dylib
0x0000000022747000 	/usr/lib/libc++abi.dylib
0x0000000022747000 	/usr/lib/system/libcache.dylib
0x0000000022747000 	/usr/lib/system/libcommonCrypto.dylib
0x0000000022747000 	/usr/lib/system/libcompiler_rt.dylib
0x0000000022747000 	/usr/lib/system/libcopyfile.dylib
0x0000000022747000 	/usr/lib/system/libcorecrypto.dylib
0x0000000022747000 	/usr/lib/system/libdispatch.dylib
0x0000000022747000 	/usr/lib/system/libdyld.dylib
0x0000000022747000 	/usr/lib/system/libkeymgr.dylib
0x0000000022747000 	/usr/lib/system/liblaunch.dylib
0x0000000022747000 	/usr/lib/system/libmacho.dylib
0x0000000022747000 	/usr/lib/system/libquarantine.dylib
0x0000000022747000 	/usr/lib/system/libremovefile.dylib
0x0000000022747000 	/usr/lib/system/libsystem_asl.dylib
0x0000000022747000 	/usr/lib/system/libsystem_blocks.dylib
0x0000000022747000 	/usr/lib/system/libsystem_c.dylib
0x0000000022747000 	/usr/lib/system/libsystem_configuration.dylib
0x0000000022747000 	/usr/lib/system/libsystem_coreservices.dylib
0x0000000022747000 	/usr/lib/system/libsystem_coretls.dylib
0x0000000022747000 	/usr/lib/system/libsystem_dnssd.dylib
0x0000000022747000 	/usr/lib/system/libsystem_info.dylib
0x0000000022747000 	/usr/lib/system/libsystem_kernel.dylib
0x0000000022747000 	/usr/lib/system/libsystem_m.dylib
0x0000000022747000 	/usr/lib/system/libsystem_malloc.dylib
0x0000000022747000 	/usr/lib/system/libsystem_network.dylib
0x0000000022747000 	/usr/lib/system/libsystem_networkextension.dylib
0x0000000022747000 	/usr/lib/system/libsystem_notify.dylib
0x0000000022747000 	/usr/lib/system/libsystem_platform.dylib
0x0000000022747000 	/usr/lib/system/libsystem_pthread.dylib
0x0000000022747000 	/usr/lib/system/libsystem_sandbox.dylib
0x0000000022747000 	/usr/lib/system/libsystem_secinit.dylib
0x0000000022747000 	/usr/lib/system/libsystem_symptoms.dylib
0x0000000022747000 	/usr/lib/system/libsystem_trace.dylib
0x0000000022747000 	/usr/lib/system/libunwind.dylib
0x0000000022747000 	/usr/lib/system/libxpc.dylib
0x0000000022747000 	/usr/lib/libbsm.0.dylib
0x0000000022747000 	/usr/lib/system/libkxld.dylib
0x0000000022747000 	/usr/lib/libcoretls.dylib
0x0000000022747000 	/usr/lib/libcoretls_cfhelpers.dylib
0x0000000022747000 	/usr/lib/libxar.1.dylib
0x0000000022747000 	/usr/lib/libsqlite3.dylib
0x0000000022747000 	/usr/lib/libpam.2.dylib
0x0000000022747000 	/usr/lib/libOpenScriptingUtil.dylib
0x0000000022747000 	/usr/lib/libbz2.1.0.dylib
0x0000000022747000 	/usr/lib/liblzma.5.dylib
0x0000000022747000 	/usr/lib/libnetwork.dylib
0x0000000022747000 	/usr/lib/libpcap.A.dylib
0x0000000022747000 	/System/Library/Frameworks/CoreServices.framework/Versions/A/Frameworks/FSEvents.framework/Versions/A/FSEvents
0x0000000022747000 	/System/Library/Frameworks/CoreServices.framework/Versions/A/Frameworks/CarbonCore.framework/Versions/A/CarbonCore
0x0000000022747000 	/System/Library/Frameworks/CoreServices.framework/Versions/A/Frameworks/Metadata.framework/Versions/A/Metadata
0x0000000022747000 	/System/Library/Frameworks/CoreServices.framework/Versions/A/Frameworks/OSServices.framework/Versions/A/OSServices
0x0000000022747000 	/System/Library/Frameworks/CoreServices.framework/Versions/A/Frameworks/SearchKit.framework/Versions/A/SearchKit
0x0000000022747000 	/System/Library/Frameworks/CoreServices.framework/Versions/A/Frameworks/AE.framework/Versions/A/AE
0x0000000022747000 	/System/Library/Frameworks/CoreServices.framework/Versions/A/Frameworks/LaunchServices.framework/Versions/A/LaunchServices
0x0000000022747000 	/System/Library/Frameworks/CoreServices.framework/Versions/A/Frameworks/DictionaryServices.framework/Versions/A/DictionaryServices
0x0000000022747000 	/System/Library/Frameworks/CoreServices.framework/Versions/A/Frameworks/SharedFileList.framework/Versions/A/SharedFileList
0x0000000022747000 	/System/Library/Frameworks/NetFS.framework/Versions/A/NetFS
0x0000000022747000 	/System/Library/PrivateFrameworks/NetAuth.framework/Versions/A/NetAuth
0x0000000022747000 	/System/Library/PrivateFrameworks/login.framework/Versions/A/Frameworks/loginsupport.framework/Versions/A/loginsupport
0x0000000022747000 	/System/Library/PrivateFrameworks/TCC.framework/Versions/A/TCC
0x0000000022747000 	/usr/lib/libmecabra.dylib
0x0000000022747000 	/System/Library/Frameworks/ApplicationServices.framework/Versions/A/Frameworks/ATS.framework/Versions/A/ATS
0x0000000022747000 	/System/Library/Frameworks/ApplicationServices.framework/Versions/A/Frameworks/ColorSync.framework/Versions/A/ColorSync
0x0000000022747000 	/System/Library/Frameworks/ApplicationServices.framework/Versions/A/Frameworks/HIServices.framework/Versions/A/HIServices
0x0000000022747000 	/System/Library/Frameworks/ApplicationServices.framework/Versions/A/Frameworks/LangAnalysis.framework/Versions/A/LangAnalysis
0x0000000022747000 	/System/Library/Frameworks/ApplicationServices.framework/Versions/A/Frameworks/PrintCore.framework/Versions/A/PrintCore
0x0000000022747000 	/System/Library/Frameworks/ApplicationServices.framework/Versions/A/Frameworks/QD.framework/Versions/A/QD
0x0000000022747000 	/System/Library/Frameworks/ApplicationServices.framework/Versions/A/Frameworks/SpeechSynthesis.framework/Versions/A/SpeechSynthesis
0x0000000022747000 	/System/Library/Frameworks/Accelerate.framework/Versions/A/Frameworks/vImage.framework/Versions/A/vImage
0x0000000022747000 	/System/Library/Frameworks/Accelerate.framework/Versions/A/Frameworks/vecLib.framework/Versions/A/vecLib
0x0000000022747000 	/System/Library/Frameworks/Accelerate.framework/Versions/A/Frameworks/vecLib.framework/Versions/A/libvDSP.dylib
0x0000000022747000 	/System/Library/Frameworks/Accelerate.framework/Versions/A/Frameworks/vecLib.framework/Versions/A/libBNNS.dylib
0x0000000022747000 	/System/Library/Frameworks/Accelerate.framework/Versions/A/Frameworks/vecLib.framework/Versions/A/libQuadrature.dylib
0x0000000022747000 	/System/Library/Frameworks/Accelerate.framework/Versions/A/Frameworks/vecLib.framework/Versions/A/libvMisc.dylib
0x0000000022747000 	/System/Library/Frameworks/Accelerate.framework/Versions/A/Frameworks/vecLib.framework/Versions/A/libLAPACK.dylib
0x0000000022747000 	/System/Library/Frameworks/Accelerate.framework/Versions/A/Frameworks/vecLib.framework/Versions/A/libBLAS.dylib
0x0000000022747000 	/System/Library/Frameworks/Accelerate.framework/Versions/A/Frameworks/vecLib.framework/Versions/A/libLinearAlgebra.dylib
0x0000000022747000 	/System/Library/Frameworks/Accelerate.framework/Versions/A/Frameworks/vecLib.framework/Versions/A/libSparseBLAS.dylib
0x0000000022747000 	/System/Library/Frameworks/ApplicationServices.framework/Versions/A/Frameworks/ATS.framework/Versions/A/Resources/libFontParser.dylib
0x0000000022747000 	/System/Library/Frameworks/ApplicationServices.framework/Versions/A/Frameworks/ATS.framework/Versions/A/Resources/libFontRegistry.dylib
0x0000000022747000 	/System/Library/Frameworks/ImageIO.framework/Versions/A/Resources/libJPEG.dylib
0x0000000022747000 	/System/Library/Frameworks/ImageIO.framework/Versions/A/Resources/libTIFF.dylib
0x0000000022747000 	/System/Library/Frameworks/ImageIO.framework/Versions/A/Resources/libPng.dylib
0x0000000022747000 	/System/Library/Frameworks/ImageIO.framework/Versions/A/Resources/libGIF.dylib
0x0000000022747000 	/System/Library/Frameworks/ImageIO.framework/Versions/A/Resources/libJP2.dylib
0x0000000022747000 	/System/Library/Frameworks/ImageIO.framework/Versions/A/Resources/libRadiance.dylib
0x0000000022747000 	/usr/lib/libcompression.dylib
0x0000000022747000 	/System/Library/PrivateFrameworks/AppleJPEG.framework/Versions/A/AppleJPEG
0x0000000022747000 	/usr/lib/libcups.2.dylib
0x0000000022747000 	/System/Library/Frameworks/Kerberos.framework/Versions/A/Kerberos
0x0000000022747000 	/System/Library/Frameworks/GSS.framework/Versions/A/GSS
0x0000000022747000 	/usr/lib/libresolv.9.dylib
0x0000000022747000 	/usr/lib/libiconv.2.dylib
0x0000000022747000 	/System/Library/PrivateFrameworks/Heimdal.framework/Versions/A/Heimdal
0x0000000022747000 	/usr/lib/libheimdal-asn1.dylib
0x0000000022747000 	/System/Library/Frameworks/OpenDirectory.framework/Versions/A/OpenDirectory
0x0000000022747000 	/System/Library/PrivateFrameworks/CommonAuth.framework/Versions/A/CommonAuth
0x0000000022747000 	/System/Library/Frameworks/OpenDirectory.framework/Versions/A/Frameworks/CFOpenDirectory.framework/Versions/A/CFOpenDirectory
0x0000000022747000 	/System/Library/Frameworks/SecurityFoundation.framework/Versions/A/SecurityFoundation
0x0000000022747000 	/System/Library/PrivateFrameworks/LanguageModeling.framework/Versions/A/LanguageModeling
0x0000000022747000 	/usr/lib/libmarisa.dylib
0x0000000022747000 	/usr/lib/libChineseTokenizer.dylib
0x0000000022747000 	/usr/lib/libcmph.dylib
0x0000000022747000 	/System/Library/PrivateFrameworks/CoreEmoji.framework/Versions/A/CoreEmoji
0x0000000022747000 	/System/Library/Frameworks/ServiceManagement.framework/Versions/A/ServiceManagement
0x0000000022747000 	/usr/lib/libxslt.1.dylib
0x0000000022747000 	/System/Library/Frameworks/Carbon.framework/Versions/A/Frameworks/Ink.framework/Versions/A/Ink
0x0000000022747000 	/System/Library/PrivateFrameworks/TextureIO.framework/Versions/A/TextureIO
0x0000000022747000 	/System/Library/Frameworks/Metal.framework/Versions/A/Metal
0x0000000022747000 	/usr/lib/libate.dylib
0x0000000022747000 	/System/Library/PrivateFrameworks/GPUCompiler.framework/libmetal_timestamp.dylib
0x0000000022747000 	/System/Library/Frameworks/OpenGL.framework/Versions/A/Libraries/libCoreFSCache.dylib
0x0000000022747000 	/System/Library/PrivateFrameworks/IOAccelerator.framework/Versions/A/IOAccelerator
0x0000000022747000 	/System/Library/Frameworks/CoreVideo.framework/Versions/A/CoreVideo
0x0000000022747000 	/usr/lib/libFosl_dynamic.dylib
0x0000000022747000 	/System/Library/PrivateFrameworks/MetalPerformanceShaders.framework/Versions/A/MetalPerformanceShaders
0x0000000022747000 	/System/Library/PrivateFrameworks/FaceCore.framework/Versions/A/FaceCore
0x0000000022747000 	/System/Library/Frameworks/OpenCL.framework/Versions/A/OpenCL
0x0000000022747000 	/System/Library/Frameworks/OpenGL.framework/Versions/A/Libraries/libGLU.dylib
0x0000000022747000 	/System/Library/Frameworks/OpenGL.framework/Versions/A/Libraries/libGFXShared.dylib
0x0000000022747000 	/System/Library/Frameworks/OpenGL.framework/Versions/A/Libraries/libGL.dylib
0x0000000022747000 	/System/Library/Frameworks/OpenGL.framework/Versions/A/Libraries/libGLImage.dylib
0x0000000022747000 	/System/Library/Frameworks/OpenGL.framework/Versions/A/Libraries/libCVMSPluginSupport.dylib
0x0000000022747000 	/System/Library/Frameworks/OpenGL.framework/Versions/A/Libraries/libCoreVMClient.dylib
0x0000000022747000 	/System/Library/PrivateFrameworks/CrashReporterSupport.framework/Versions/A/CrashReporterSupport
0x0000000022747000 	/System/Library/PrivateFrameworks/Sharing.framework/Versions/A/Sharing
0x0000000022747000 	/System/Library/PrivateFrameworks/IconServices.framework/Versions/A/IconServices
0x0000000022747000 	/System/Library/PrivateFrameworks/ProtocolBuffer.framework/Versions/A/ProtocolBuffer
0x0000000022747000 	/System/Library/PrivateFrameworks/Apple80211.framework/Versions/A/Apple80211
0x0000000022747000 	/System/Library/Frameworks/CoreWLAN.framework/Versions/A/CoreWLAN
0x0000000022747000 	/System/Library/PrivateFrameworks/CoreUtils.framework/Versions/A/CoreUtils
0x0000000022747000 	/System/Library/Frameworks/IOBluetooth.framework/Versions/A/IOBluetooth
0x0000000022747000 	/System/Library/PrivateFrameworks/CoreWiFi.framework/Versions/A/CoreWiFi
0x0000000022747000 	/System/Library/Frameworks/CoreBluetooth.framework/Versions/A/CoreBluetooth
0x0000000022747000 	/System/Library/Frameworks/CoreDisplay.framework/Versions/A/CoreDisplay
0x0000000022747000 	/System/Library/PrivateFrameworks/IOPresentment.framework/Versions/A/IOPresentment
0x0000000022747000 	/System/Library/PrivateFrameworks/DebugSymbols.framework/Versions/A/DebugSymbols
0x0000000022747000 	/System/Library/PrivateFrameworks/CoreSymbolication.framework/Versions/A/CoreSymbolication
0x0000000022747000 	/System/Library/PrivateFrameworks/Symbolication.framework/Versions/A/Symbolication
0x0000000022747000 	/System/Library/PrivateFrameworks/AppleFSCompression.framework/Versions/A/AppleFSCompression
0x0000000022747000 	/System/Library/PrivateFrameworks/SpeechRecognitionCore.framework/Versions/A/SpeechRecognitionCore
0x0000000022747000 	/System/Library/PrivateFrameworks/ChunkingLibrary.framework/Versions/A/ChunkingLibrary
0x000000010c600000 	/Library/Java/JavaVirtualMachines/jdk1.8.0_112.jdk/Contents/Home/jre/lib/server/libjvm.dylib
0x0000000022747000 	/usr/lib/libstdc++.6.dylib
0x000000010b4cf000 	/Library/Java/JavaVirtualMachines/jdk1.8.0_112.jdk/Contents/Home/jre/lib/libverify.dylib
0x000000010b4dd000 	/Library/Java/JavaVirtualMachines/jdk1.8.0_112.jdk/Contents/Home/jre/lib/libjava.dylib
0x000000010b51c000 	/Library/Java/JavaVirtualMachines/jdk1.8.0_112.jdk/Contents/Home/jre/lib/libzip.dylib
0x00000001285fa000 	/System/Library/Frameworks/JavaVM.framework/Frameworks/JavaRuntimeSupport.framework/JavaRuntimeSupport
0x0000000128614000 	/System/Library/Frameworks/JavaVM.framework/Versions/A/Frameworks/JavaNativeFoundation.framework/Versions/A/JavaNativeFoundation
0x000000010b5f0000 	/System/Library/Frameworks/JavaVM.framework/Versions/A/JavaVM
0x0000000022747000 	/System/Library/Frameworks/Carbon.framework/Versions/A/Carbon
0x0000000128629000 	/System/Library/PrivateFrameworks/JavaLaunching.framework/Versions/A/JavaLaunching
0x0000000022747000 	/System/Library/Frameworks/Carbon.framework/Versions/A/Frameworks/CommonPanels.framework/Versions/A/CommonPanels
0x0000000022747000 	/System/Library/Frameworks/Carbon.framework/Versions/A/Frameworks/Help.framework/Versions/A/Help
0x0000000022747000 	/System/Library/Frameworks/Carbon.framework/Versions/A/Frameworks/ImageCapture.framework/Versions/A/ImageCapture
0x0000000022747000 	/System/Library/Frameworks/Carbon.framework/Versions/A/Frameworks/OpenScripting.framework/Versions/A/OpenScripting
0x0000000022747000 	/System/Library/Frameworks/Carbon.framework/Versions/A/Frameworks/Print.framework/Versions/A/Print
0x0000000022747000 	/System/Library/Frameworks/Carbon.framework/Versions/A/Frameworks/SecurityHI.framework/Versions/A/SecurityHI
0x000000012a55c000 	/Library/Java/JavaVirtualMachines/jdk1.8.0_112.jdk/Contents/Home/jre/lib/libnet.dylib
0x000000012a5bb000 	/Library/Java/JavaVirtualMachines/jdk1.8.0_112.jdk/Contents/Home/jre/lib/libmanagement.dylib
0x000000012a5c9000 	/Library/Java/JavaVirtualMachines/jdk1.8.0_112.jdk/Contents/Home/jre/lib/libnio.dylib
0x000000012ad10000 	/Library/Java/JavaVirtualMachines/jdk1.8.0_112.jdk/Contents/Home/jre/lib/libsunec.dylib

VM Arguments:
java_command: target/setram.jar
java_class_path (initial): target/setram.jar
Launcher Type: SUN_STANDARD

Environment Variables:
JAVA_HOME=/Library/Java/JavaVirtualMachines/jdk1.8.0_112.jdk/Contents/Home
PATH=/Library/Java/JavaVirtualMachines/jdk1.8.0_112.jdk/Contents/Home/bin:/usr/local/apache-maven/apache-maven-3.3.9/bin:/usr/local/bin:/usr/bin:/bin:/usr/sbin:/sbin:/opt/X11/bin
SHELL=/bin/bash
DISPLAY=/private/tmp/com.apple.launchd.vVzLy2P5T7/org.macosforge.xquartz:0

Signal Handlers:
SIGSEGV: [libjvm.dylib+0x5b11a5], sa_mask[0]=11111111011111110111111111111111, sa_flags=SA_ONSTACK|SA_RESTART|SA_SIGINFO
SIGBUS: [libjvm.dylib+0x5b11a5], sa_mask[0]=11111111011111110111111111111111, sa_flags=SA_RESTART|SA_SIGINFO
SIGFPE: [libjvm.dylib+0x487dc0], sa_mask[0]=11111111011111110111111111111111, sa_flags=SA_RESTART|SA_SIGINFO
SIGPIPE: [libjvm.dylib+0x487dc0], sa_mask[0]=11111111011111110111111111111111, sa_flags=SA_RESTART|SA_SIGINFO
SIGXFSZ: [libjvm.dylib+0x487dc0], sa_mask[0]=11111111011111110111111111111111, sa_flags=SA_RESTART|SA_SIGINFO
SIGILL: [libjvm.dylib+0x487dc0], sa_mask[0]=11111111011111110111111111111111, sa_flags=SA_RESTART|SA_SIGINFO
SIGUSR1: SIG_DFL, sa_mask[0]=11111111011111110111111111111111, sa_flags=none
SIGUSR2: [libjvm.dylib+0x4878de], sa_mask[0]=00000000000000000000000000000000, sa_flags=SA_RESTART|SA_SIGINFO
SIGHUP: [libjvm.dylib+0x485eb5], sa_mask[0]=11111111011111110111111111111111, sa_flags=SA_RESTART|SA_SIGINFO
SIGINT: [libjvm.dylib+0x485eb5], sa_mask[0]=11111111011111110111111111111111, sa_flags=SA_RESTART|SA_SIGINFO
SIGTERM: [libjvm.dylib+0x485eb5], sa_mask[0]=11111111011111110111111111111111, sa_flags=SA_RESTART|SA_SIGINFO
SIGQUIT: [libjvm.dylib+0x485eb5], sa_mask[0]=11111111011111110111111111111111, sa_flags=SA_RESTART|SA_SIGINFO


---------------  S Y S T E M  ---------------

OS:Bsduname:Darwin 16.4.0 Darwin Kernel Version 16.4.0: Thu Dec 22 22:53:21 PST 2016; root:xnu-3789.41.3~3/RELEASE_X86_64 x86_64
rlimit: STACK 8192k, CORE 0k, NPROC 709, NOFILE 10240, AS infinity
load average:3,23 2,90 2,36

CPU:total 8 (4 cores per cpu, 2 threads per core) family 6 model 70 stepping 1, cmov, cx8, fxsr, mmx, sse, sse2, sse3, ssse3, sse4.1, sse4.2, popcnt, avx, avx2, aes, clmul, erms, rtm, lzcnt, ht, tsc, tscinvbit, bmi1, bmi2

Memory: 4k page, physical 16777216k(571496k free)

/proc/meminfo:


vm_info: Java HotSpot(TM) 64-Bit Server VM (25.112-b16) for bsd-amd64 JRE (1.8.0_112-b16), built on Sep 30 2016 22:41:41 by "java_re" with gcc 4.2.1 (Based on Apple Inc. build 5658) (LLVM build 2336.11.00)

time: Sat Feb 11 21:29:59 2017
elapsed time: 555 seconds (0d 0h 9m 15s)

