#
# A fatal error has been detected by the Java Runtime Environment:
#
#  SIGBUS (0xa) at pc=0x00000001041a4e92, pid=61164, tid=0x0000000000007b03
#
# JRE version: Java(TM) SE Runtime Environment (8.0_112-b16) (build 1.8.0_112-b16)
# Java VM: Java HotSpot(TM) 64-Bit Server VM (25.112-b16 mixed mode bsd-amd64 compressed oops)
# Problematic frame:
# C  [libzip.dylib+0x2e92]  newEntry+0x154
#
# Failed to write core dump. Core dumps have been disabled. To enable core dumping, try "ulimit -c unlimited" before starting Java again
#
# If you would like to submit a bug report, please visit:
#   http://bugreport.java.com/bugreport/crash.jsp
# The crash happened outside the Java Virtual Machine in native code.
# See problematic frame for where to report the bug.
#

---------------  T H R E A D  ---------------

Current thread (0x00007fe8e9006800):  JavaThread "Thread-2" [_thread_in_native, id=31491, stack(0x0000700009980000,0x0000700009a80000)]

siginfo: si_signo: 10 (SIGBUS), si_code: 2 (BUS_ADRERR), si_addr: 0x0000000120d42ac9

Registers:
RAX=0x00007fe8e4f12630, RBX=0x0000000120d42abd, RCX=0x0000000000000001, RDX=0x0000000000000900
RSP=0x0000700009a7c610, RBP=0x0000700009a7c670, RSI=0x0000000001000000, RDI=0x0000000000000989
R8 =0x0000000000000048, R9 =0x00007fe8e5f98930, R10=0x00000000ff000000, R11=0x00006ff899870cc6
R12=0x00000001211bc000, R13=0x0000000000027b20, R14=0x00000000bd74148c, R15=0x00007fe8e5f94c50
RIP=0x00000001041a4e92, EFLAGS=0x0000000000010206, ERR=0x0000000000000004
  TRAPNO=0x000000000000000e

Top of Stack: (sp=0x0000700009a7c610)
0x0000700009a7c610:   0000700009a7c690 0000000009a7c660
0x0000700009a7c620:   0000700009a7cc60 000000010334030b
0x0000700009a7c630:   0000700009a7c650 00007fe8e4f12630
0x0000700009a7c640:   00007fe8e5f98930 00007fe8e4f12630
0x0000700009a7c650:   00000001211bc000 0000000000027b20
0x0000700009a7c660:   00000000bd74148c 00007fe8e5f94c50
0x0000700009a7c670:   0000700009a7c6d0 00000001041a552d
0x0000700009a7c680:   0000700009a7c733 0000700009a7c732
0x0000700009a7c690:   0000004300000000 0000004401006800
0x0000700009a7c6a0:   0000700009a7c6ee 0000700009a7cb38
0x0000700009a7c6b0:   0000000000000044 0000700009a7c6ee
0x0000700009a7c6c0:   00007fe8e4f12630 00007fe8e90069f8
0x0000700009a7c6d0:   0000700009a7cb20 00000001041a4238
0x0000700009a7c6e0:   0000000000000000 726f7fe800000001
0x0000700009a7c6f0:   2f6a346f656e2f67 692f6c656e72656b
0x0000700009a7c700:   6e6172742f6c706d 2f6e6f6974636173
0x0000700009a7c710:   2f676e6963617274 6b63656843676f4c
0x0000700009a7c720:   657645746e696f50 616c632e3124746e
0x0000700009a7c730:   0000700009007373 00000001033f2ec6
0x0000700009a7c740:   00000001100dcc74 000000010dd44018
0x0000700009a7c750:   0000700009a7c7a0 00000001036e781a
0x0000700009a7c760:   00007fe8e9006800 00007fe8e9006800
0x0000700009a7c770:   000000010dd44018 00007fe8e9006800
0x0000700009a7c780:   000000010dd44018 000000077020b408
0x0000700009a7c790:   0000700009a7ca00 00007fe8e9006800
0x0000700009a7c7a0:   0000700009a7ca40 00000001100dc09a
0x0000700009a7c7b0:   000000000000037f 0000000000000000
0x0000700009a7c7c0:   0000000000000000 0000ffff00001fa0
0x0000700009a7c7d0:   0000000000000000 000000000000ffff
0x0000700009a7c7e0:   0000000000000100 000000000000ffff
0x0000700009a7c7f0:   0000000000000000 0000000000000000
0x0000700009a7c800:   0000000000000000 0000000000000000 

Instructions: (pc=0x00000001041a4e92)
0x00000001041a4e72:   49 8b 7f 38 e8 5b 1b 00 00 4d 89 77 38 49 89 5f
0x00000001041a4e82:   40 4c 89 f0 48 85 c0 0f 84 11 05 00 00 48 89 c3
0x00000001041a4e92:   0f b6 43 0c 0f b6 4b 0d 48 c1 e1 08 48 01 c1 0f
0x00000001041a4ea2:   b6 43 0e 0f b6 53 0f 48 c1 e2 08 48 01 c2 48 c1 

Register to memory mapping:

RAX=0x00007fe8e4f12630 is an unknown value
RBX=0x0000000120d42abd is an unknown value
RCX=0x0000000000000001 is an unknown value
RDX=0x0000000000000900 is an unknown value
RSP=0x0000700009a7c610 is pointing into the stack for thread: 0x00007fe8e9006800
RBP=0x0000700009a7c670 is pointing into the stack for thread: 0x00007fe8e9006800
RSI=0x0000000001000000 is an unknown value
RDI=0x0000000000000989 is an unknown value
R8 =0x0000000000000048 is an unknown value
R9 =0x00007fe8e5f98930 is an unknown value
R10=0x00000000ff000000 is an unknown value
R11=0x00006ff899870cc6 is an unknown value
R12=0x00000001211bc000 is an unknown value
R13=0x0000000000027b20 is an unknown value
R14=0x00000000bd74148c is an unknown value
R15=0x00007fe8e5f94c50 is an unknown value


Stack: [0x0000700009980000,0x0000700009a80000],  sp=0x0000700009a7c610,  free space=1009k
Native frames: (J=compiled Java code, j=interpreted, Vv=VM code, C=native code)
C  [libzip.dylib+0x2e92]  newEntry+0x154
C  [libzip.dylib+0x352d]  ZIP_GetEntry2+0xd4
C  [libzip.dylib+0x2238]  Java_java_util_zip_ZipFile_getEntry+0xcf
J 135  java.util.zip.ZipFile.getEntry(J[BZ)J (0 bytes) @ 0x00000001101eab0e [0x00000001101eaa40+0xce]
J 1582 C2 java.util.jar.JarFile.getEntry(Ljava/lang/String;)Ljava/util/zip/ZipEntry; (22 bytes) @ 0x000000011059bf44 [0x000000011059bbe0+0x364]
J 599 C2 sun.misc.URLClassPath$JarLoader.getResource(Ljava/lang/String;Z)Lsun/misc/Resource; (85 bytes) @ 0x000000011030dc38 [0x000000011030da20+0x218]
J 2679 C2 java.net.URLClassLoader$1.run()Ljava/lang/Object; (5 bytes) @ 0x0000000110adf42c [0x0000000110adee80+0x5ac]
v  ~StubRoutines::call_stub
V  [libjvm.dylib+0x2edbd2]  JavaCalls::call_helper(JavaValue*, methodHandle*, JavaCallArguments*, Thread*)+0x6ae
V  [libjvm.dylib+0x34e310]  JVM_DoPrivileged+0x4b8
J 178  java.security.AccessController.doPrivileged(Ljava/security/PrivilegedExceptionAction;Ljava/security/AccessControlContext;)Ljava/lang/Object; (0 bytes) @ 0x00000001101fee95 [0x00000001101fedc0+0xd5]
J 139 C1 java.net.URLClassLoader.findClass(Ljava/lang/String;)Ljava/lang/Class; (47 bytes) @ 0x00000001101ec354 [0x00000001101ec1c0+0x194]
J 6036 C1 java.lang.ClassLoader.loadClass(Ljava/lang/String;Z)Ljava/lang/Class; (122 bytes) @ 0x0000000110b542d4 [0x0000000110b53980+0x954]
J 170 C1 sun.misc.Launcher$AppClassLoader.loadClass(Ljava/lang/String;Z)Ljava/lang/Class; (85 bytes) @ 0x00000001101fbe24 [0x00000001101fb480+0x9a4]
j  java.lang.ClassLoader.loadClass(Ljava/lang/String;)Ljava/lang/Class;+3
v  ~StubRoutines::call_stub
V  [libjvm.dylib+0x2edbd2]  JavaCalls::call_helper(JavaValue*, methodHandle*, JavaCallArguments*, Thread*)+0x6ae
V  [libjvm.dylib+0x2ee360]  JavaCalls::call_virtual(JavaValue*, KlassHandle, Symbol*, Symbol*, JavaCallArguments*, Thread*)+0x164
V  [libjvm.dylib+0x2ee4b8]  JavaCalls::call_virtual(JavaValue*, Handle, KlassHandle, Symbol*, Symbol*, Handle, Thread*)+0x56
V  [libjvm.dylib+0x53c1b6]  SystemDictionary::load_instance_class(Symbol*, Handle, Thread*)+0x2d8
V  [libjvm.dylib+0x53b97e]  SystemDictionary::resolve_instance_class_or_null(Symbol*, Handle, Handle, Thread*)+0x484
V  [libjvm.dylib+0x53c3d2]  SystemDictionary::resolve_or_null(Symbol*, Handle, Handle, Thread*)+0x106
V  [libjvm.dylib+0x53ca85]  SystemDictionary::resolve_or_fail(Symbol*, Handle, Handle, bool, Thread*)+0x31
V  [libjvm.dylib+0x1e2b7e]  ConstantPool::klass_at_impl(constantPoolHandle, int, Thread*)+0x2ee
V  [libjvm.dylib+0x1f2f8e]  ConstantPool::klass_at(int, Thread*)+0x92
V  [libjvm.dylib+0x2e95f3]  InterpreterRuntime::_new(JavaThread*, ConstantPool*, int)+0x2d
j  org.neo4j.kernel.impl.transaction.tracing.LogCheckPointEvent.<clinit>()V+0
v  ~StubRoutines::call_stub
V  [libjvm.dylib+0x2edbd2]  JavaCalls::call_helper(JavaValue*, methodHandle*, JavaCallArguments*, Thread*)+0x6ae
V  [libjvm.dylib+0x2c07c5]  InstanceKlass::call_class_initializer_impl(instanceKlassHandle, Thread*)+0xbf
V  [libjvm.dylib+0x2c1e29]  InstanceKlass::initialize_impl(instanceKlassHandle, Thread*)+0x4b5
V  [libjvm.dylib+0x2c20bf]  InstanceKlass::initialize(Thread*)+0x3d
V  [libjvm.dylib+0x3c8fc6]  LinkResolver::resolve_field(fieldDescriptor&, KlassHandle, Symbol*, Symbol*, KlassHandle, Bytecodes::Code, bool, bool, Thread*)+0x31a
V  [libjvm.dylib+0x3cb5ab]  LinkResolver::resolve_field_access(fieldDescriptor&, constantPoolHandle, int, Bytecodes::Code, Thread*)+0x101
V  [libjvm.dylib+0x2e8abf]  InterpreterRuntime::resolve_get_put(JavaThread*, Bytecodes::Code)+0x119
j  org.neo4j.kernel.impl.transaction.log.checkpoint.CheckPointerImpl.forceCheckPoint(Lorg/neo4j/kernel/impl/transaction/log/checkpoint/TriggerInfo;)J+20
j  org.neo4j.kernel.NeoStoreDataSource$5.shutdown()V+34
j  org.neo4j.kernel.lifecycle.LifeSupport$LifecycleInstance.shutdown()V+50
j  org.neo4j.kernel.lifecycle.LifeSupport.shutdown()V+69
j  org.neo4j.kernel.NeoStoreDataSource.stop()V+44
j  org.neo4j.kernel.lifecycle.LifeSupport$LifecycleInstance.stop()V+36
j  org.neo4j.kernel.lifecycle.LifeSupport.stopInstances(Ljava/util/List;)Lorg/neo4j/kernel/lifecycle/LifecycleException;+29
j  org.neo4j.kernel.lifecycle.LifeSupport.stop()V+31
j  org.neo4j.kernel.impl.transaction.state.DataSourceManager.stop()V+4
j  org.neo4j.kernel.lifecycle.LifeSupport$LifecycleInstance.stop()V+36
j  org.neo4j.kernel.lifecycle.LifeSupport.stopInstances(Ljava/util/List;)Lorg/neo4j/kernel/lifecycle/LifecycleException;+29
j  org.neo4j.kernel.lifecycle.LifeSupport.stop()V+31
j  org.neo4j.kernel.lifecycle.LifeSupport.shutdown()V+3
j  org.neo4j.kernel.impl.factory.ClassicCoreSPI.shutdown()V+28
j  org.neo4j.kernel.impl.factory.GraphDatabaseFacade.shutdown()V+4
j  Setram$1.run()V+4
v  ~StubRoutines::call_stub
V  [libjvm.dylib+0x2edbd2]  JavaCalls::call_helper(JavaValue*, methodHandle*, JavaCallArguments*, Thread*)+0x6ae
V  [libjvm.dylib+0x2ee360]  JavaCalls::call_virtual(JavaValue*, KlassHandle, Symbol*, Symbol*, JavaCallArguments*, Thread*)+0x164
V  [libjvm.dylib+0x2ee50c]  JavaCalls::call_virtual(JavaValue*, Handle, KlassHandle, Symbol*, Symbol*, Thread*)+0x4a
V  [libjvm.dylib+0x348c59]  thread_entry(JavaThread*, Thread*)+0x7c
V  [libjvm.dylib+0x56b033]  JavaThread::thread_main_inner()+0x9b
V  [libjvm.dylib+0x56c720]  JavaThread::run()+0x1c2
V  [libjvm.dylib+0x48a7ae]  java_start(Thread*)+0xf6
C  [libsystem_pthread.dylib+0x3aab]  _pthread_body+0xb4
C  [libsystem_pthread.dylib+0x39f7]  _pthread_body+0x0
C  [libsystem_pthread.dylib+0x31fd]  thread_start+0xd
C  0x0000000000000000

Java frames: (J=compiled Java code, j=interpreted, Vv=VM code)
J 135  java.util.zip.ZipFile.getEntry(J[BZ)J (0 bytes) @ 0x00000001101eaa98 [0x00000001101eaa40+0x58]
J 1582 C2 java.util.jar.JarFile.getEntry(Ljava/lang/String;)Ljava/util/zip/ZipEntry; (22 bytes) @ 0x000000011059bf44 [0x000000011059bbe0+0x364]
J 599 C2 sun.misc.URLClassPath$JarLoader.getResource(Ljava/lang/String;Z)Lsun/misc/Resource; (85 bytes) @ 0x000000011030dc38 [0x000000011030da20+0x218]
J 2679 C2 java.net.URLClassLoader$1.run()Ljava/lang/Object; (5 bytes) @ 0x0000000110adf42c [0x0000000110adee80+0x5ac]
v  ~StubRoutines::call_stub
J 178  java.security.AccessController.doPrivileged(Ljava/security/PrivilegedExceptionAction;Ljava/security/AccessControlContext;)Ljava/lang/Object; (0 bytes) @ 0x00000001101fee23 [0x00000001101fedc0+0x63]
J 139 C1 java.net.URLClassLoader.findClass(Ljava/lang/String;)Ljava/lang/Class; (47 bytes) @ 0x00000001101ec354 [0x00000001101ec1c0+0x194]
J 6036 C1 java.lang.ClassLoader.loadClass(Ljava/lang/String;Z)Ljava/lang/Class; (122 bytes) @ 0x0000000110b542d4 [0x0000000110b53980+0x954]
J 170 C1 sun.misc.Launcher$AppClassLoader.loadClass(Ljava/lang/String;Z)Ljava/lang/Class; (85 bytes) @ 0x00000001101fbe24 [0x00000001101fb480+0x9a4]
j  java.lang.ClassLoader.loadClass(Ljava/lang/String;)Ljava/lang/Class;+3
v  ~StubRoutines::call_stub
j  org.neo4j.kernel.impl.transaction.tracing.LogCheckPointEvent.<clinit>()V+0
v  ~StubRoutines::call_stub
j  org.neo4j.kernel.impl.transaction.log.checkpoint.CheckPointerImpl.forceCheckPoint(Lorg/neo4j/kernel/impl/transaction/log/checkpoint/TriggerInfo;)J+20
j  org.neo4j.kernel.NeoStoreDataSource$5.shutdown()V+34
j  org.neo4j.kernel.lifecycle.LifeSupport$LifecycleInstance.shutdown()V+50
j  org.neo4j.kernel.lifecycle.LifeSupport.shutdown()V+69
j  org.neo4j.kernel.NeoStoreDataSource.stop()V+44
j  org.neo4j.kernel.lifecycle.LifeSupport$LifecycleInstance.stop()V+36
j  org.neo4j.kernel.lifecycle.LifeSupport.stopInstances(Ljava/util/List;)Lorg/neo4j/kernel/lifecycle/LifecycleException;+29
j  org.neo4j.kernel.lifecycle.LifeSupport.stop()V+31
j  org.neo4j.kernel.impl.transaction.state.DataSourceManager.stop()V+4
j  org.neo4j.kernel.lifecycle.LifeSupport$LifecycleInstance.stop()V+36
j  org.neo4j.kernel.lifecycle.LifeSupport.stopInstances(Ljava/util/List;)Lorg/neo4j/kernel/lifecycle/LifecycleException;+29
j  org.neo4j.kernel.lifecycle.LifeSupport.stop()V+31
j  org.neo4j.kernel.lifecycle.LifeSupport.shutdown()V+3
j  org.neo4j.kernel.impl.factory.ClassicCoreSPI.shutdown()V+28
j  org.neo4j.kernel.impl.factory.GraphDatabaseFacade.shutdown()V+4
j  Setram$1.run()V+4
v  ~StubRoutines::call_stub

---------------  P R O C E S S  ---------------

Java Threads: ( => current thread )
  0x00007fe8e90a1800 JavaThread "SIGINT handler" daemon [_thread_blocked, id=32003, stack(0x0000700009a83000,0x0000700009b83000)]
=>0x00007fe8e9006800 JavaThread "Thread-2" [_thread_in_native, id=31491, stack(0x0000700009980000,0x0000700009a80000)]
  0x00007fe8eb84b800 JavaThread "SIGINT handler" daemon [_thread_blocked, id=25871, stack(0x0000700008c59000,0x0000700008d59000)]
  0x00007fe8eb86c800 JavaThread "Scheduler-644164768" [_thread_blocked, id=5127, stack(0x000070000977a000,0x000070000987a000)]
  0x00007fe8e9722800 JavaThread "org.eclipse.jetty.server.session.HashSessionManager@62814a83Timer" daemon [_thread_blocked, id=30467, stack(0x0000700009677000,0x0000700009777000)]
  0x00007fe8e882f000 JavaThread "qtp245929467-34" [_thread_blocked, id=29955, stack(0x0000700009574000,0x0000700009674000)]
  0x00007fe8eb58c800 JavaThread "qtp245929467-33" [_thread_blocked, id=29443, stack(0x0000700009471000,0x0000700009571000)]
  0x00007fe8eb58c000 JavaThread "qtp245929467-32" [_thread_blocked, id=28931, stack(0x000070000936e000,0x000070000946e000)]
  0x00007fe8ea8cc000 JavaThread "qtp245929467-31-acceptor-0@46425d82-ServerConnector@4885bb3a{HTTP/1.1,[http/1.1]}{0.0.0.0:5000}" [_thread_in_native, id=28419, stack(0x000070000926b000,0x000070000936b000)]
  0x00007fe8e7c64800 JavaThread "qtp245929467-30" [_thread_in_native, id=27907, stack(0x0000700009168000,0x0000700009268000)]
  0x00007fe8e8ef9800 JavaThread "qtp245929467-29" [_thread_in_native, id=27395, stack(0x0000700009065000,0x0000700009165000)]
  0x00007fe8eb2cf800 JavaThread "qtp245929467-28" [_thread_in_native, id=26887, stack(0x0000700008f62000,0x0000700009062000)]
  0x00007fe8eb2ca800 JavaThread "qtp245929467-27" [_thread_in_native, id=4359, stack(0x0000700008e5f000,0x0000700008f5f000)]
  0x00007fe8eb589000 JavaThread "DestroyJavaVM" [_thread_blocked, id=7171, stack(0x000070000720b000,0x000070000730b000)]
  0x00007fe8e7b83000 JavaThread "Thread-3" [_thread_blocked, id=26371, stack(0x0000700008d5c000,0x0000700008e5c000)]
  0x00007fe8e51fe800 JavaThread "neo4j.Scheduled-2" daemon [_thread_blocked, id=24843, stack(0x0000700008a53000,0x0000700008b53000)]
  0x00007fe8e51f3800 JavaThread "MuninnPageCache[1]-EvictionTask" daemon [_thread_blocked, id=24323, stack(0x0000700008950000,0x0000700008a50000)]
  0x00007fe8e6816000 JavaThread "neo4j.Scheduled-1" daemon [_thread_blocked, id=23811, stack(0x000070000884d000,0x000070000894d000)]
  0x00007fe8e79c1800 JavaThread "pool-2-thread-1" daemon [_thread_blocked, id=22787, stack(0x0000700008647000,0x0000700008747000)]
  0x00007fe8e511b000 JavaThread "cluster-ClusterId{value='589a2c7b4fff67eeec57e20c', description='null'}-ds141328.mlab.com:41328" daemon [_thread_blocked, id=22275, stack(0x0000700008544000,0x0000700008644000)]
  0x00007fe8e8029800 JavaThread "Service Thread" daemon [_thread_blocked, id=21251, stack(0x000070000833e000,0x000070000843e000)]
  0x00007fe8e5046000 JavaThread "C1 CompilerThread3" daemon [_thread_blocked, id=20739, stack(0x000070000823b000,0x000070000833b000)]
  0x00007fe8e8011000 JavaThread "C2 CompilerThread2" daemon [_thread_blocked, id=20227, stack(0x0000700008138000,0x0000700008238000)]
  0x00007fe8e8010000 JavaThread "C2 CompilerThread1" daemon [_thread_blocked, id=19715, stack(0x0000700008035000,0x0000700008135000)]
  0x00007fe8e7807000 JavaThread "C2 CompilerThread0" daemon [_thread_blocked, id=19203, stack(0x0000700007f32000,0x0000700008032000)]
  0x00007fe8e780b000 JavaThread "Signal Dispatcher" daemon [_thread_blocked, id=18691, stack(0x0000700007e2f000,0x0000700007f2f000)]
  0x00007fe8e8008000 JavaThread "Finalizer" daemon [_thread_blocked, id=14595, stack(0x0000700007d2c000,0x0000700007e2c000)]
  0x00007fe8e5017000 JavaThread "Reference Handler" daemon [_thread_blocked, id=14083, stack(0x0000700007c29000,0x0000700007d29000)]

Other Threads:
  0x00007fe8e8005800 VMThread [stack: 0x0000700007b26000,0x0000700007c26000] [id=13571]
  0x00007fe8e800c000 WatcherThread [stack: 0x0000700008441000,0x0000700008541000] [id=21763]

VM state:not at safepoint (normal execution)

VM Mutex/Monitor currently owned by a thread: None

Heap:
 PSYoungGen      total 229376K, used 106290K [0x000000076ab00000, 0x000000077c880000, 0x00000007c0000000)
  eden space 186880K, 48% used [0x000000076ab00000,0x00000007702ee860,0x0000000776180000)
  from space 42496K, 38% used [0x0000000779f00000,0x000000077aede2c8,0x000000077c880000)
  to   space 52736K, 0% used [0x0000000776180000,0x0000000776180000,0x0000000779500000)
 ParOldGen       total 303616K, used 58929K [0x00000006c0000000, 0x00000006d2880000, 0x000000076ab00000)
  object space 303616K, 19% used [0x00000006c0000000,0x00000006c398c660,0x00000006d2880000)
 Metaspace       used 47275K, capacity 48156K, committed 48512K, reserved 1089536K
  class space    used 7553K, capacity 7760K, committed 7808K, reserved 1048576K

Card table byte_map: [0x000000010456b000,0x0000000104d6c000] byte_map_base: 0x0000000100f6b000

Marking Bits: (ParMarkBitMap*) 0x0000000103af0d30
 Begin Bits: [0x00000001052c2000, 0x00000001092c2000)
 End Bits:   [0x00000001092c2000, 0x000000010d2c2000)

Polling page: 0x00000001021f6000

CodeCache: size=245760Kb used=14065Kb max_used=15235Kb free=231694Kb
 bounds [0x0000000110096000, 0x0000000110fb6000, 0x000000011f096000]
 total_blobs=5909 nmethods=5329 adapters=491
 compilation: enabled

Compilation events (10 events):
Event: 5114,431 Thread 0x00007fe8e5046000 6552       3       org.bson.codecs.DecoderContext$Builder::<init> (5 bytes)
Event: 5114,432 Thread 0x00007fe8e5046000 nmethod 6552 0x0000000110e86810 code [0x0000000110e86980, 0x0000000110e86b90]
Event: 5114,432 Thread 0x00007fe8e5046000 6553       3       org.bson.codecs.DecoderContext$Builder::<init> (5 bytes)
Event: 5114,432 Thread 0x00007fe8e5046000 nmethod 6553 0x0000000110b93b90 code [0x0000000110b93d00, 0x0000000110b93eb0]
Event: 5114,432 Thread 0x00007fe8e5046000 6554       3       org.bson.codecs.DecoderContext$Builder::build (10 bytes)
Event: 5114,432 Thread 0x00007fe8e5046000 nmethod 6554 0x0000000110e86290 code [0x0000000110e86400, 0x0000000110e866b0]
Event: 5114,432 Thread 0x00007fe8e5046000 6555       3       org.bson.codecs.DecoderContext::<init> (6 bytes)
Event: 5114,432 Thread 0x00007fe8e5046000 nmethod 6555 0x000000011077afd0 code [0x000000011077b140, 0x000000011077b350]
Event: 5115,291 Thread 0x00007fe8e5046000 6556       1       java.util.logging.LogManager::access$500 (5 bytes)
Event: 5115,291 Thread 0x00007fe8e5046000 nmethod 6556 0x0000000110232390 code [0x00000001102324e0, 0x00000001102325d0]

GC Heap History (10 events):
Event: 3,090 GC heap before
{Heap before GC invocations=4 (full 1):
 PSYoungGen      total 141824K, used 131072K [0x000000076ab00000, 0x0000000774000000, 0x00000007c0000000)
  eden space 131072K, 100% used [0x000000076ab00000,0x0000000772b00000,0x0000000772b00000)
  from space 10752K, 0% used [0x0000000773580000,0x0000000773580000,0x0000000774000000)
  to   space 10752K, 0% used [0x0000000772b00000,0x0000000772b00000,0x0000000773580000)
 ParOldGen       total 220160K, used 61025K [0x00000006c0000000, 0x00000006cd700000, 0x000000076ab00000)
  object space 220160K, 27% used [0x00000006c0000000,0x00000006c3b984f8,0x00000006cd700000)
 Metaspace       used 33156K, capacity 33820K, committed 34048K, reserved 1077248K
  class space    used 5690K, capacity 5876K, committed 5888K, reserved 1048576K
Event: 3,111 GC heap after
Heap after GC invocations=4 (full 1):
 PSYoungGen      total 141824K, used 10731K [0x000000076ab00000, 0x0000000776280000, 0x00000007c0000000)
  eden space 131072K, 0% used [0x000000076ab00000,0x000000076ab00000,0x0000000772b00000)
  from space 10752K, 99% used [0x0000000772b00000,0x000000077357ac68,0x0000000773580000)
  to   space 10752K, 0% used [0x0000000775800000,0x0000000775800000,0x0000000776280000)
 ParOldGen       total 220160K, used 66152K [0x00000006c0000000, 0x00000006cd700000, 0x000000076ab00000)
  object space 220160K, 30% used [0x00000006c0000000,0x00000006c409a1a8,0x00000006cd700000)
 Metaspace       used 33156K, capacity 33820K, committed 34048K, reserved 1077248K
  class space    used 5690K, capacity 5876K, committed 5888K, reserved 1048576K
}
Event: 3,727 GC heap before
{Heap before GC invocations=5 (full 1):
 PSYoungGen      total 141824K, used 138900K [0x000000076ab00000, 0x0000000776280000, 0x00000007c0000000)
  eden space 131072K, 97% used [0x000000076ab00000,0x000000077282a470,0x0000000772b00000)
  from space 10752K, 99% used [0x0000000772b00000,0x000000077357ac68,0x0000000773580000)
  to   space 10752K, 0% used [0x0000000775800000,0x0000000775800000,0x0000000776280000)
 ParOldGen       total 220160K, used 66152K [0x00000006c0000000, 0x00000006cd700000, 0x000000076ab00000)
  object space 220160K, 30% used [0x00000006c0000000,0x00000006c409a1a8,0x00000006cd700000)
 Metaspace       used 34682K, capacity 35340K, committed 35496K, reserved 1079296K
  class space    used 5903K, capacity 6076K, committed 6144K, reserved 1048576K
Event: 3,733 GC heap after
Heap after GC invocations=5 (full 1):
 PSYoungGen      total 167936K, used 6102K [0x000000076ab00000, 0x0000000775e00000, 0x00000007c0000000)
  eden space 161792K, 0% used [0x000000076ab00000,0x000000076ab00000,0x0000000774900000)
  from space 6144K, 99% used [0x0000000775800000,0x0000000775df5968,0x0000000775e00000)
  to   space 10752K, 0% used [0x0000000774900000,0x0000000774900000,0x0000000775380000)
 ParOldGen       total 220160K, used 66160K [0x00000006c0000000, 0x00000006cd700000, 0x000000076ab00000)
  object space 220160K, 30% used [0x00000006c0000000,0x00000006c409c1a8,0x00000006cd700000)
 Metaspace       used 34682K, capacity 35340K, committed 35496K, reserved 1079296K
  class space    used 5903K, capacity 6076K, committed 6144K, reserved 1048576K
}
Event: 3,733 GC heap before
{Heap before GC invocations=6 (full 2):
 PSYoungGen      total 167936K, used 6102K [0x000000076ab00000, 0x0000000775e00000, 0x00000007c0000000)
  eden space 161792K, 0% used [0x000000076ab00000,0x000000076ab00000,0x0000000774900000)
  from space 6144K, 99% used [0x0000000775800000,0x0000000775df5968,0x0000000775e00000)
  to   space 10752K, 0% used [0x0000000774900000,0x0000000774900000,0x0000000775380000)
 ParOldGen       total 220160K, used 66160K [0x00000006c0000000, 0x00000006cd700000, 0x000000076ab00000)
  object space 220160K, 30% used [0x00000006c0000000,0x00000006c409c1a8,0x00000006cd700000)
 Metaspace       used 34682K, capacity 35340K, committed 35496K, reserved 1079296K
  class space    used 5903K, capacity 6076K, committed 6144K, reserved 1048576K
Event: 3,933 GC heap after
Heap after GC invocations=6 (full 2):
 PSYoungGen      total 167936K, used 0K [0x000000076ab00000, 0x0000000775e00000, 0x00000007c0000000)
  eden space 161792K, 0% used [0x000000076ab00000,0x000000076ab00000,0x0000000774900000)
  from space 6144K, 0% used [0x0000000775800000,0x0000000775800000,0x0000000775e00000)
  to   space 10752K, 0% used [0x0000000774900000,0x0000000774900000,0x0000000775380000)
 ParOldGen       total 303616K, used 58913K [0x00000006c0000000, 0x00000006d2880000, 0x000000076ab00000)
  object space 303616K, 19% used [0x00000006c0000000,0x00000006c3988660,0x00000006d2880000)
 Metaspace       used 34682K, capacity 35340K, committed 35496K, reserved 1079296K
  class space    used 5903K, capacity 6076K, committed 6144K, reserved 1048576K
}
Event: 4,754 GC heap before
{Heap before GC invocations=7 (full 2):
 PSYoungGen      total 167936K, used 161792K [0x000000076ab00000, 0x0000000775e00000, 0x00000007c0000000)
  eden space 161792K, 100% used [0x000000076ab00000,0x0000000774900000,0x0000000774900000)
  from space 6144K, 0% used [0x0000000775800000,0x0000000775800000,0x0000000775e00000)
  to   space 10752K, 0% used [0x0000000774900000,0x0000000774900000,0x0000000775380000)
 ParOldGen       total 303616K, used 58913K [0x00000006c0000000, 0x00000006d2880000, 0x000000076ab00000)
  object space 303616K, 19% used [0x00000006c0000000,0x00000006c3988660,0x00000006d2880000)
 Metaspace       used 36710K, capacity 37424K, committed 37632K, reserved 1081344K
  class space    used 6197K, capacity 6364K, committed 6400K, reserved 1048576K
Event: 4,760 GC heap after
Heap after GC invocations=7 (full 2):
 PSYoungGen      total 172544K, used 5406K [0x000000076ab00000, 0x000000077d780000, 0x00000007c0000000)
  eden space 161792K, 0% used [0x000000076ab00000,0x000000076ab00000,0x0000000774900000)
  from space 10752K, 50% used [0x0000000774900000,0x0000000774e47a58,0x0000000775380000)
  to   space 57856K, 0% used [0x0000000779f00000,0x0000000779f00000,0x000000077d780000)
 ParOldGen       total 303616K, used 58921K [0x00000006c0000000, 0x00000006d2880000, 0x000000076ab00000)
  object space 303616K, 19% used [0x00000006c0000000,0x00000006c398a660,0x00000006d2880000)
 Metaspace       used 36710K, capacity 37424K, committed 37632K, reserved 1081344K
  class space    used 6197K, capacity 6364K, committed 6400K, reserved 1048576K
}
Event: 9,923 GC heap before
{Heap before GC invocations=8 (full 2):
 PSYoungGen      total 172544K, used 167198K [0x000000076ab00000, 0x000000077d780000, 0x00000007c0000000)
  eden space 161792K, 100% used [0x000000076ab00000,0x0000000774900000,0x0000000774900000)
  from space 10752K, 50% used [0x0000000774900000,0x0000000774e47a58,0x0000000775380000)
  to   space 57856K, 0% used [0x0000000779f00000,0x0000000779f00000,0x000000077d780000)
 ParOldGen       total 303616K, used 58921K [0x00000006c0000000, 0x00000006d2880000, 0x000000076ab00000)
  object space 303616K, 19% used [0x00000006c0000000,0x00000006c398a660,0x00000006d2880000)
 Metaspace       used 46224K, capacity 47056K, committed 47360K, reserved 1089536K
  class space    used 7459K, capacity 7680K, committed 7680K, reserved 1048576K
Event: 9,935 GC heap after
Heap after GC invocations=8 (full 2):
 PSYoungGen      total 229376K, used 16248K [0x000000076ab00000, 0x000000077c880000, 0x00000007c0000000)
  eden space 186880K, 0% used [0x000000076ab00000,0x000000076ab00000,0x0000000776180000)
  from space 42496K, 38% used [0x0000000779f00000,0x000000077aede2c8,0x000000077c880000)
  to   space 52736K, 0% used [0x0000000776180000,0x0000000776180000,0x0000000779500000)
 ParOldGen       total 303616K, used 58929K [0x00000006c0000000, 0x00000006d2880000, 0x000000076ab00000)
  object space 303616K, 19% used [0x00000006c0000000,0x00000006c398c660,0x00000006d2880000)
 Metaspace       used 46224K, capacity 47056K, committed 47360K, reserved 1089536K
  class space    used 7459K, capacity 7680K, committed 7680K, reserved 1048576K
}

Deoptimization events (10 events):
Event: 602,204 Thread 0x00007fe8e813a800 Uncommon trap: reason=unstable_if action=reinterpret pc=0x0000000110c2a8e8 method=java.net.URL.set(Ljava/lang/String;Ljava/lang/String;ILjava/lang/String;Ljava/lang/String;Ljava/lang/String;Ljava/lang/String;Ljava/lang/String;)V @ 23
Event: 602,210 Thread 0x00007fe8e813a800 Uncommon trap: reason=unstable_if action=reinterpret pc=0x0000000110200908 method=java.lang.AbstractStringBuilder.append(I)Ljava/lang/AbstractStringBuilder; @ 16
Event: 602,210 Thread 0x00007fe8e813a800 Uncommon trap: reason=unstable_if action=reinterpret pc=0x000000011042f6cc method=java.lang.Integer.getChars(II[C)V @ 7
Event: 602,210 Thread 0x00007fe8e813a800 Uncommon trap: reason=unstable_if action=reinterpret pc=0x0000000110462c5c method=java.lang.CharacterDataLatin1.digit(II)I @ 82
Event: 602,621 Thread 0x00007fe8e813a800 Uncommon trap: reason=unstable_if action=reinterpret pc=0x0000000110284380 method=java.io.PrintStream.write([BII)V @ 23
Event: 602,621 Thread 0x00007fe8e813a800 Uncommon trap: reason=unstable_if action=reinterpret pc=0x000000011079a5dc method=java.io.PrintStream.write(Ljava/lang/String;)V @ 34
Event: 602,799 Thread 0x00007fe8e813a800 Uncommon trap: reason=unstable_if action=reinterpret pc=0x0000000110c29028 method=java.net.URLStreamHandler.toExternalForm(Ljava/net/URL;)Ljava/lang/String; @ 24
Event: 4301,407 Thread 0x00007fe8e51fe800 Uncommon trap: reason=unstable_if action=reinterpret pc=0x0000000110a240b4 method=java.util.concurrent.ScheduledThreadPoolExecutor$DelayedWorkQueue.take()Ljava/util/concurrent/RunnableScheduledFuture; @ 59
Event: 4361,407 Thread 0x00007fe8e51fe800 Uncommon trap: reason=unstable_if action=reinterpret pc=0x0000000110b86b50 method=java.util.concurrent.locks.AbstractQueuedSynchronizer$ConditionObject.awaitNanos(J)J @ 73
Event: 4481,407 Thread 0x00007fe8e6816000 Uncommon trap: reason=unstable_if action=reinterpret pc=0x0000000110978594 method=java.util.concurrent.ScheduledThreadPoolExecutor$DelayedWorkQueue.siftDown(ILjava/util/concurrent/RunnableScheduledFuture;)V @ 40

Internal exceptions (10 events):
Event: 5,408 Thread 0x00007fe8e7005000 Exception <a 'sun/nio/fs/UnixException'> (0x00000007700de808) thrown at [/Users/java_re/workspace/8-2-build-macosx-x86_64/jdk8u112/7935/hotspot/src/share/vm/prims/jni.cpp, line 709]
Event: 5,411 Thread 0x00007fe8e7005000 Exception <a 'sun/nio/fs/UnixException'> (0x0000000770101e58) thrown at [/Users/java_re/workspace/8-2-build-macosx-x86_64/jdk8u112/7935/hotspot/src/share/vm/prims/jni.cpp, line 709]
Event: 5,412 Thread 0x00007fe8e7005000 Exception <a 'sun/nio/fs/UnixException'> (0x0000000770103498) thrown at [/Users/java_re/workspace/8-2-build-macosx-x86_64/jdk8u112/7935/hotspot/src/share/vm/prims/jni.cpp, line 709]
Event: 5,422 Thread 0x00007fe8e7005000 Exception <a 'sun/nio/fs/UnixException'> (0x00000007701d4820) thrown at [/Users/java_re/workspace/8-2-build-macosx-x86_64/jdk8u112/7935/hotspot/src/share/vm/prims/jni.cpp, line 709]
Event: 5,423 Thread 0x00007fe8e7005000 Exception <a 'sun/nio/fs/UnixException'> (0x00000007701e7518) thrown at [/Users/java_re/workspace/8-2-build-macosx-x86_64/jdk8u112/7935/hotspot/src/share/vm/prims/jni.cpp, line 709]
Event: 5,423 Thread 0x00007fe8e7005000 Exception <a 'sun/nio/fs/UnixException'> (0x00000007701e8440) thrown at [/Users/java_re/workspace/8-2-build-macosx-x86_64/jdk8u112/7935/hotspot/src/share/vm/prims/jni.cpp, line 709]
Event: 5,424 Thread 0x00007fe8e7005000 Exception <a 'sun/nio/fs/UnixException'> (0x00000007701f2b38) thrown at [/Users/java_re/workspace/8-2-build-macosx-x86_64/jdk8u112/7935/hotspot/src/share/vm/prims/jni.cpp, line 709]
Event: 9,800 Thread 0x00007fe8eb58c800 Exception <a 'java/lang/NoSuchMethodError': java.lang.Object.lambda$static$0()V> (0x00000007715df588) thrown at [/Users/java_re/workspace/8-2-build-macosx-x86_64/jdk8u112/7935/hotspot/src/share/vm/interpreter/linkResolver.cpp, line 582]
Event: 301,459 Thread 0x00007fe8e51fe800 Exception <a 'sun/nio/fs/UnixException'> (0x000000076eea3e28) thrown at [/Users/java_re/workspace/8-2-build-macosx-x86_64/jdk8u112/7935/hotspot/src/share/vm/prims/jni.cpp, line 709]
Event: 5115,297 Thread 0x00007fe8e5230000 Exception <a 'java/lang/InterruptedException'> (0x00000007702a2988) thrown at [/Users/java_re/workspace/8-2-build-macosx-x86_64/jdk8u112/7935/hotspot/src/share/vm/runtime/objectMonitor.cpp, line 1684]

Events (10 events):
Event: 5115,289 Thread 0x00007fe8e602c000 Thread added: 0x00007fe8e602c000
Event: 5115,290 Thread 0x00007fe8e9006800 Thread added: 0x00007fe8e9006800
Event: 5115,290 Thread 0x00007fe8e90a1800 Thread added: 0x00007fe8e90a1800
Event: 5115,291 Thread 0x00007fe8e602c000 Thread exited: 0x00007fe8e602c000
Event: 5115,293 loading class org/neo4j/helpers/Listeners$Notification
Event: 5115,293 loading class org/neo4j/helpers/Listeners$Notification done
Event: 5115,297 Thread 0x00007fe8e5230000 Thread exited: 0x00007fe8e5230000
Event: 5115,298 Thread 0x00007fe8e813a800 Thread exited: 0x00007fe8e813a800
Event: 5115,298 loading class org/neo4j/kernel/impl/transaction/tracing/LogCheckPointEvent$1
Event: 5115,298 loading class org/neo4j/kernel/impl/transaction/tracing/LogCheckPointEvent$1 done


Dynamic libraries:
0x000000000939f000 	/System/Library/Frameworks/Cocoa.framework/Versions/A/Cocoa
0x000000000939f000 	/System/Library/Frameworks/Security.framework/Versions/A/Security
0x000000000939f000 	/System/Library/Frameworks/ApplicationServices.framework/Versions/A/ApplicationServices
0x000000000939f000 	/usr/lib/libz.1.dylib
0x000000000939f000 	/usr/lib/libSystem.B.dylib
0x000000000939f000 	/usr/lib/libobjc.A.dylib
0x000000000939f000 	/System/Library/Frameworks/CoreFoundation.framework/Versions/A/CoreFoundation
0x000000000939f000 	/System/Library/Frameworks/Foundation.framework/Versions/C/Foundation
0x000000000939f000 	/System/Library/Frameworks/AppKit.framework/Versions/C/AppKit
0x000000000939f000 	/System/Library/Frameworks/CoreData.framework/Versions/A/CoreData
0x000000000939f000 	/System/Library/PrivateFrameworks/RemoteViewServices.framework/Versions/A/RemoteViewServices
0x000000000939f000 	/System/Library/PrivateFrameworks/UIFoundation.framework/Versions/A/UIFoundation
0x000000000939f000 	/System/Library/PrivateFrameworks/DFRFoundation.framework/Versions/A/DFRFoundation
0x000000000939f000 	/usr/lib/libenergytrace.dylib
0x000000000939f000 	/System/Library/PrivateFrameworks/SkyLight.framework/Versions/A/SkyLight
0x000000000939f000 	/System/Library/Frameworks/CoreGraphics.framework/Versions/A/CoreGraphics
0x000000000939f000 	/usr/lib/libScreenReader.dylib
0x000000000939f000 	/System/Library/Frameworks/Accelerate.framework/Versions/A/Accelerate
0x000000000939f000 	/System/Library/Frameworks/IOSurface.framework/Versions/A/IOSurface
0x000000000939f000 	/System/Library/Frameworks/AudioToolbox.framework/Versions/A/AudioToolbox
0x000000000939f000 	/System/Library/Frameworks/AudioUnit.framework/Versions/A/AudioUnit
0x000000000939f000 	/System/Library/PrivateFrameworks/DataDetectorsCore.framework/Versions/A/DataDetectorsCore
0x000000000939f000 	/System/Library/PrivateFrameworks/DesktopServicesPriv.framework/Versions/A/DesktopServicesPriv
0x000000000939f000 	/System/Library/Frameworks/Carbon.framework/Versions/A/Frameworks/HIToolbox.framework/Versions/A/HIToolbox
0x000000000939f000 	/usr/lib/libicucore.A.dylib
0x000000000939f000 	/System/Library/Frameworks/QuartzCore.framework/Versions/A/QuartzCore
0x000000000939f000 	/System/Library/Frameworks/Carbon.framework/Versions/A/Frameworks/SpeechRecognition.framework/Versions/A/SpeechRecognition
0x000000000939f000 	/usr/lib/libauto.dylib
0x000000000939f000 	/usr/lib/libxml2.2.dylib
0x000000000939f000 	/System/Library/PrivateFrameworks/CoreUI.framework/Versions/A/CoreUI
0x000000000939f000 	/System/Library/Frameworks/CoreAudio.framework/Versions/A/CoreAudio
0x000000000939f000 	/System/Library/Frameworks/DiskArbitration.framework/Versions/A/DiskArbitration
0x000000000939f000 	/usr/lib/liblangid.dylib
0x000000000939f000 	/System/Library/PrivateFrameworks/MultitouchSupport.framework/Versions/A/MultitouchSupport
0x000000000939f000 	/System/Library/Frameworks/IOKit.framework/Versions/A/IOKit
0x000000000939f000 	/usr/lib/libDiagnosticMessagesClient.dylib
0x000000000939f000 	/System/Library/Frameworks/CoreServices.framework/Versions/A/CoreServices
0x000000000939f000 	/System/Library/PrivateFrameworks/PerformanceAnalysis.framework/Versions/A/PerformanceAnalysis
0x000000000939f000 	/System/Library/PrivateFrameworks/GenerationalStorage.framework/Versions/A/GenerationalStorage
0x000000000939f000 	/System/Library/Frameworks/OpenGL.framework/Versions/A/OpenGL
0x000000000939f000 	/System/Library/Frameworks/CoreImage.framework/Versions/A/CoreImage
0x000000000939f000 	/System/Library/Frameworks/CoreText.framework/Versions/A/CoreText
0x000000000939f000 	/System/Library/Frameworks/ImageIO.framework/Versions/A/ImageIO
0x000000000939f000 	/System/Library/PrivateFrameworks/Backup.framework/Versions/A/Backup
0x000000000939f000 	/usr/lib/libarchive.2.dylib
0x000000000939f000 	/System/Library/Frameworks/CFNetwork.framework/Versions/A/CFNetwork
0x000000000939f000 	/System/Library/Frameworks/SystemConfiguration.framework/Versions/A/SystemConfiguration
0x000000000939f000 	/usr/lib/libCRFSuite.dylib
0x000000000939f000 	/usr/lib/libc++.1.dylib
0x000000000939f000 	/usr/lib/libc++abi.dylib
0x000000000939f000 	/usr/lib/system/libcache.dylib
0x000000000939f000 	/usr/lib/system/libcommonCrypto.dylib
0x000000000939f000 	/usr/lib/system/libcompiler_rt.dylib
0x000000000939f000 	/usr/lib/system/libcopyfile.dylib
0x000000000939f000 	/usr/lib/system/libcorecrypto.dylib
0x000000000939f000 	/usr/lib/system/libdispatch.dylib
0x000000000939f000 	/usr/lib/system/libdyld.dylib
0x000000000939f000 	/usr/lib/system/libkeymgr.dylib
0x000000000939f000 	/usr/lib/system/liblaunch.dylib
0x000000000939f000 	/usr/lib/system/libmacho.dylib
0x000000000939f000 	/usr/lib/system/libquarantine.dylib
0x000000000939f000 	/usr/lib/system/libremovefile.dylib
0x000000000939f000 	/usr/lib/system/libsystem_asl.dylib
0x000000000939f000 	/usr/lib/system/libsystem_blocks.dylib
0x000000000939f000 	/usr/lib/system/libsystem_c.dylib
0x000000000939f000 	/usr/lib/system/libsystem_configuration.dylib
0x000000000939f000 	/usr/lib/system/libsystem_coreservices.dylib
0x000000000939f000 	/usr/lib/system/libsystem_coretls.dylib
0x000000000939f000 	/usr/lib/system/libsystem_dnssd.dylib
0x000000000939f000 	/usr/lib/system/libsystem_info.dylib
0x000000000939f000 	/usr/lib/system/libsystem_kernel.dylib
0x000000000939f000 	/usr/lib/system/libsystem_m.dylib
0x000000000939f000 	/usr/lib/system/libsystem_malloc.dylib
0x000000000939f000 	/usr/lib/system/libsystem_network.dylib
0x000000000939f000 	/usr/lib/system/libsystem_networkextension.dylib
0x000000000939f000 	/usr/lib/system/libsystem_notify.dylib
0x000000000939f000 	/usr/lib/system/libsystem_platform.dylib
0x000000000939f000 	/usr/lib/system/libsystem_pthread.dylib
0x000000000939f000 	/usr/lib/system/libsystem_sandbox.dylib
0x000000000939f000 	/usr/lib/system/libsystem_secinit.dylib
0x000000000939f000 	/usr/lib/system/libsystem_symptoms.dylib
0x000000000939f000 	/usr/lib/system/libsystem_trace.dylib
0x000000000939f000 	/usr/lib/system/libunwind.dylib
0x000000000939f000 	/usr/lib/system/libxpc.dylib
0x000000000939f000 	/usr/lib/libbsm.0.dylib
0x000000000939f000 	/usr/lib/system/libkxld.dylib
0x000000000939f000 	/usr/lib/libcoretls.dylib
0x000000000939f000 	/usr/lib/libcoretls_cfhelpers.dylib
0x000000000939f000 	/usr/lib/libxar.1.dylib
0x000000000939f000 	/usr/lib/libsqlite3.dylib
0x000000000939f000 	/usr/lib/libpam.2.dylib
0x000000000939f000 	/usr/lib/libOpenScriptingUtil.dylib
0x000000000939f000 	/usr/lib/libbz2.1.0.dylib
0x000000000939f000 	/usr/lib/liblzma.5.dylib
0x000000000939f000 	/usr/lib/libnetwork.dylib
0x000000000939f000 	/usr/lib/libpcap.A.dylib
0x000000000939f000 	/System/Library/Frameworks/CoreServices.framework/Versions/A/Frameworks/FSEvents.framework/Versions/A/FSEvents
0x000000000939f000 	/System/Library/Frameworks/CoreServices.framework/Versions/A/Frameworks/CarbonCore.framework/Versions/A/CarbonCore
0x000000000939f000 	/System/Library/Frameworks/CoreServices.framework/Versions/A/Frameworks/Metadata.framework/Versions/A/Metadata
0x000000000939f000 	/System/Library/Frameworks/CoreServices.framework/Versions/A/Frameworks/OSServices.framework/Versions/A/OSServices
0x000000000939f000 	/System/Library/Frameworks/CoreServices.framework/Versions/A/Frameworks/SearchKit.framework/Versions/A/SearchKit
0x000000000939f000 	/System/Library/Frameworks/CoreServices.framework/Versions/A/Frameworks/AE.framework/Versions/A/AE
0x000000000939f000 	/System/Library/Frameworks/CoreServices.framework/Versions/A/Frameworks/LaunchServices.framework/Versions/A/LaunchServices
0x000000000939f000 	/System/Library/Frameworks/CoreServices.framework/Versions/A/Frameworks/DictionaryServices.framework/Versions/A/DictionaryServices
0x000000000939f000 	/System/Library/Frameworks/CoreServices.framework/Versions/A/Frameworks/SharedFileList.framework/Versions/A/SharedFileList
0x000000000939f000 	/System/Library/Frameworks/NetFS.framework/Versions/A/NetFS
0x000000000939f000 	/System/Library/PrivateFrameworks/NetAuth.framework/Versions/A/NetAuth
0x000000000939f000 	/System/Library/PrivateFrameworks/login.framework/Versions/A/Frameworks/loginsupport.framework/Versions/A/loginsupport
0x000000000939f000 	/System/Library/PrivateFrameworks/TCC.framework/Versions/A/TCC
0x000000000939f000 	/usr/lib/libmecabra.dylib
0x000000000939f000 	/System/Library/Frameworks/ApplicationServices.framework/Versions/A/Frameworks/ATS.framework/Versions/A/ATS
0x000000000939f000 	/System/Library/Frameworks/ApplicationServices.framework/Versions/A/Frameworks/ColorSync.framework/Versions/A/ColorSync
0x000000000939f000 	/System/Library/Frameworks/ApplicationServices.framework/Versions/A/Frameworks/HIServices.framework/Versions/A/HIServices
0x000000000939f000 	/System/Library/Frameworks/ApplicationServices.framework/Versions/A/Frameworks/LangAnalysis.framework/Versions/A/LangAnalysis
0x000000000939f000 	/System/Library/Frameworks/ApplicationServices.framework/Versions/A/Frameworks/PrintCore.framework/Versions/A/PrintCore
0x000000000939f000 	/System/Library/Frameworks/ApplicationServices.framework/Versions/A/Frameworks/QD.framework/Versions/A/QD
0x000000000939f000 	/System/Library/Frameworks/ApplicationServices.framework/Versions/A/Frameworks/SpeechSynthesis.framework/Versions/A/SpeechSynthesis
0x000000000939f000 	/System/Library/Frameworks/Accelerate.framework/Versions/A/Frameworks/vImage.framework/Versions/A/vImage
0x000000000939f000 	/System/Library/Frameworks/Accelerate.framework/Versions/A/Frameworks/vecLib.framework/Versions/A/vecLib
0x000000000939f000 	/System/Library/Frameworks/Accelerate.framework/Versions/A/Frameworks/vecLib.framework/Versions/A/libvDSP.dylib
0x000000000939f000 	/System/Library/Frameworks/Accelerate.framework/Versions/A/Frameworks/vecLib.framework/Versions/A/libBNNS.dylib
0x000000000939f000 	/System/Library/Frameworks/Accelerate.framework/Versions/A/Frameworks/vecLib.framework/Versions/A/libQuadrature.dylib
0x000000000939f000 	/System/Library/Frameworks/Accelerate.framework/Versions/A/Frameworks/vecLib.framework/Versions/A/libvMisc.dylib
0x000000000939f000 	/System/Library/Frameworks/Accelerate.framework/Versions/A/Frameworks/vecLib.framework/Versions/A/libLAPACK.dylib
0x000000000939f000 	/System/Library/Frameworks/Accelerate.framework/Versions/A/Frameworks/vecLib.framework/Versions/A/libBLAS.dylib
0x000000000939f000 	/System/Library/Frameworks/Accelerate.framework/Versions/A/Frameworks/vecLib.framework/Versions/A/libLinearAlgebra.dylib
0x000000000939f000 	/System/Library/Frameworks/Accelerate.framework/Versions/A/Frameworks/vecLib.framework/Versions/A/libSparseBLAS.dylib
0x000000000939f000 	/System/Library/Frameworks/ApplicationServices.framework/Versions/A/Frameworks/ATS.framework/Versions/A/Resources/libFontParser.dylib
0x000000000939f000 	/System/Library/Frameworks/ApplicationServices.framework/Versions/A/Frameworks/ATS.framework/Versions/A/Resources/libFontRegistry.dylib
0x000000000939f000 	/System/Library/Frameworks/ImageIO.framework/Versions/A/Resources/libJPEG.dylib
0x000000000939f000 	/System/Library/Frameworks/ImageIO.framework/Versions/A/Resources/libTIFF.dylib
0x000000000939f000 	/System/Library/Frameworks/ImageIO.framework/Versions/A/Resources/libPng.dylib
0x000000000939f000 	/System/Library/Frameworks/ImageIO.framework/Versions/A/Resources/libGIF.dylib
0x000000000939f000 	/System/Library/Frameworks/ImageIO.framework/Versions/A/Resources/libJP2.dylib
0x000000000939f000 	/System/Library/Frameworks/ImageIO.framework/Versions/A/Resources/libRadiance.dylib
0x000000000939f000 	/usr/lib/libcompression.dylib
0x000000000939f000 	/System/Library/PrivateFrameworks/AppleJPEG.framework/Versions/A/AppleJPEG
0x000000000939f000 	/usr/lib/libcups.2.dylib
0x000000000939f000 	/System/Library/Frameworks/Kerberos.framework/Versions/A/Kerberos
0x000000000939f000 	/System/Library/Frameworks/GSS.framework/Versions/A/GSS
0x000000000939f000 	/usr/lib/libresolv.9.dylib
0x000000000939f000 	/usr/lib/libiconv.2.dylib
0x000000000939f000 	/System/Library/PrivateFrameworks/Heimdal.framework/Versions/A/Heimdal
0x000000000939f000 	/usr/lib/libheimdal-asn1.dylib
0x000000000939f000 	/System/Library/Frameworks/OpenDirectory.framework/Versions/A/OpenDirectory
0x000000000939f000 	/System/Library/PrivateFrameworks/CommonAuth.framework/Versions/A/CommonAuth
0x000000000939f000 	/System/Library/Frameworks/OpenDirectory.framework/Versions/A/Frameworks/CFOpenDirectory.framework/Versions/A/CFOpenDirectory
0x000000000939f000 	/System/Library/Frameworks/SecurityFoundation.framework/Versions/A/SecurityFoundation
0x000000000939f000 	/System/Library/PrivateFrameworks/LanguageModeling.framework/Versions/A/LanguageModeling
0x000000000939f000 	/usr/lib/libmarisa.dylib
0x000000000939f000 	/usr/lib/libChineseTokenizer.dylib
0x000000000939f000 	/usr/lib/libcmph.dylib
0x000000000939f000 	/System/Library/PrivateFrameworks/CoreEmoji.framework/Versions/A/CoreEmoji
0x000000000939f000 	/System/Library/Frameworks/ServiceManagement.framework/Versions/A/ServiceManagement
0x000000000939f000 	/usr/lib/libxslt.1.dylib
0x000000000939f000 	/System/Library/Frameworks/Carbon.framework/Versions/A/Frameworks/Ink.framework/Versions/A/Ink
0x000000000939f000 	/System/Library/PrivateFrameworks/TextureIO.framework/Versions/A/TextureIO
0x000000000939f000 	/System/Library/Frameworks/Metal.framework/Versions/A/Metal
0x000000000939f000 	/usr/lib/libate.dylib
0x000000000939f000 	/System/Library/PrivateFrameworks/GPUCompiler.framework/libmetal_timestamp.dylib
0x000000000939f000 	/System/Library/Frameworks/OpenGL.framework/Versions/A/Libraries/libCoreFSCache.dylib
0x000000000939f000 	/System/Library/PrivateFrameworks/IOAccelerator.framework/Versions/A/IOAccelerator
0x000000000939f000 	/System/Library/Frameworks/CoreVideo.framework/Versions/A/CoreVideo
0x000000000939f000 	/usr/lib/libFosl_dynamic.dylib
0x000000000939f000 	/System/Library/PrivateFrameworks/MetalPerformanceShaders.framework/Versions/A/MetalPerformanceShaders
0x000000000939f000 	/System/Library/PrivateFrameworks/FaceCore.framework/Versions/A/FaceCore
0x000000000939f000 	/System/Library/Frameworks/OpenCL.framework/Versions/A/OpenCL
0x000000000939f000 	/System/Library/Frameworks/OpenGL.framework/Versions/A/Libraries/libGLU.dylib
0x000000000939f000 	/System/Library/Frameworks/OpenGL.framework/Versions/A/Libraries/libGFXShared.dylib
0x000000000939f000 	/System/Library/Frameworks/OpenGL.framework/Versions/A/Libraries/libGL.dylib
0x000000000939f000 	/System/Library/Frameworks/OpenGL.framework/Versions/A/Libraries/libGLImage.dylib
0x000000000939f000 	/System/Library/Frameworks/OpenGL.framework/Versions/A/Libraries/libCVMSPluginSupport.dylib
0x000000000939f000 	/System/Library/Frameworks/OpenGL.framework/Versions/A/Libraries/libCoreVMClient.dylib
0x000000000939f000 	/System/Library/PrivateFrameworks/CrashReporterSupport.framework/Versions/A/CrashReporterSupport
0x000000000939f000 	/System/Library/PrivateFrameworks/Sharing.framework/Versions/A/Sharing
0x000000000939f000 	/System/Library/PrivateFrameworks/IconServices.framework/Versions/A/IconServices
0x000000000939f000 	/System/Library/PrivateFrameworks/ProtocolBuffer.framework/Versions/A/ProtocolBuffer
0x000000000939f000 	/System/Library/PrivateFrameworks/Apple80211.framework/Versions/A/Apple80211
0x000000000939f000 	/System/Library/Frameworks/CoreWLAN.framework/Versions/A/CoreWLAN
0x000000000939f000 	/System/Library/PrivateFrameworks/CoreUtils.framework/Versions/A/CoreUtils
0x000000000939f000 	/System/Library/Frameworks/IOBluetooth.framework/Versions/A/IOBluetooth
0x000000000939f000 	/System/Library/PrivateFrameworks/CoreWiFi.framework/Versions/A/CoreWiFi
0x000000000939f000 	/System/Library/Frameworks/CoreBluetooth.framework/Versions/A/CoreBluetooth
0x000000000939f000 	/System/Library/Frameworks/CoreDisplay.framework/Versions/A/CoreDisplay
0x000000000939f000 	/System/Library/PrivateFrameworks/IOPresentment.framework/Versions/A/IOPresentment
0x000000000939f000 	/System/Library/PrivateFrameworks/DebugSymbols.framework/Versions/A/DebugSymbols
0x000000000939f000 	/System/Library/PrivateFrameworks/CoreSymbolication.framework/Versions/A/CoreSymbolication
0x000000000939f000 	/System/Library/PrivateFrameworks/Symbolication.framework/Versions/A/Symbolication
0x000000000939f000 	/System/Library/PrivateFrameworks/AppleFSCompression.framework/Versions/A/AppleFSCompression
0x000000000939f000 	/System/Library/PrivateFrameworks/SpeechRecognitionCore.framework/Versions/A/SpeechRecognitionCore
0x000000000939f000 	/System/Library/PrivateFrameworks/ChunkingLibrary.framework/Versions/A/ChunkingLibrary
0x0000000103200000 	/Library/Java/JavaVirtualMachines/jdk1.8.0_112.jdk/Contents/Home/jre/lib/server/libjvm.dylib
0x000000000939f000 	/usr/lib/libstdc++.6.dylib
0x00000001021b3000 	/Library/Java/JavaVirtualMachines/jdk1.8.0_112.jdk/Contents/Home/jre/lib/libverify.dylib
0x00000001021c1000 	/Library/Java/JavaVirtualMachines/jdk1.8.0_112.jdk/Contents/Home/jre/lib/libjava.dylib
0x00000001041a2000 	/Library/Java/JavaVirtualMachines/jdk1.8.0_112.jdk/Contents/Home/jre/lib/libzip.dylib
0x000000010ff38000 	/System/Library/Frameworks/JavaVM.framework/Frameworks/JavaRuntimeSupport.framework/JavaRuntimeSupport
0x000000010ff52000 	/System/Library/Frameworks/JavaVM.framework/Versions/A/Frameworks/JavaNativeFoundation.framework/Versions/A/JavaNativeFoundation
0x000000010ff67000 	/System/Library/Frameworks/JavaVM.framework/Versions/A/JavaVM
0x000000000939f000 	/System/Library/Frameworks/Carbon.framework/Versions/A/Carbon
0x000000010ff74000 	/System/Library/PrivateFrameworks/JavaLaunching.framework/Versions/A/JavaLaunching
0x000000000939f000 	/System/Library/Frameworks/Carbon.framework/Versions/A/Frameworks/CommonPanels.framework/Versions/A/CommonPanels
0x000000000939f000 	/System/Library/Frameworks/Carbon.framework/Versions/A/Frameworks/Help.framework/Versions/A/Help
0x000000000939f000 	/System/Library/Frameworks/Carbon.framework/Versions/A/Frameworks/ImageCapture.framework/Versions/A/ImageCapture
0x000000000939f000 	/System/Library/Frameworks/Carbon.framework/Versions/A/Frameworks/OpenScripting.framework/Versions/A/OpenScripting
0x000000000939f000 	/System/Library/Frameworks/Carbon.framework/Versions/A/Frameworks/Print.framework/Versions/A/Print
0x000000000939f000 	/System/Library/Frameworks/Carbon.framework/Versions/A/Frameworks/SecurityHI.framework/Versions/A/SecurityHI
0x000000010ffcf000 	/Library/Java/JavaVirtualMachines/jdk1.8.0_112.jdk/Contents/Home/jre/lib/libnet.dylib
0x000000010ffe6000 	/Library/Java/JavaVirtualMachines/jdk1.8.0_112.jdk/Contents/Home/jre/lib/libmanagement.dylib
0x000000010fff4000 	/Library/Java/JavaVirtualMachines/jdk1.8.0_112.jdk/Contents/Home/jre/lib/libnio.dylib
0x0000000121bf3000 	/Library/Java/JavaVirtualMachines/jdk1.8.0_112.jdk/Contents/Home/jre/lib/libsunec.dylib

VM Arguments:
java_command: target/setram.jar
java_class_path (initial): target/setram.jar
Launcher Type: SUN_STANDARD

Environment Variables:
JAVA_HOME=/Library/Java/JavaVirtualMachines/jdk1.8.0_112.jdk/Contents/Home
PATH=/Library/Java/JavaVirtualMachines/jdk1.8.0_112.jdk/Contents/Home/bin:/usr/local/apache-maven/apache-maven-3.3.9/bin:/usr/local/bin:/usr/bin:/bin:/usr/sbin:/sbin:/opt/X11/bin
SHELL=/bin/bash
DISPLAY=/private/tmp/com.apple.launchd.pvpKg192td/org.macosforge.xquartz:0

Signal Handlers:
SIGSEGV: [libjvm.dylib+0x5b11a5], sa_mask[0]=11111111011111110111111111111111, sa_flags=SA_ONSTACK|SA_RESTART|SA_SIGINFO
SIGBUS: [libjvm.dylib+0x5b11a5], sa_mask[0]=11111111011111110111111111111111, sa_flags=SA_RESTART|SA_SIGINFO
SIGFPE: [libjvm.dylib+0x487dc0], sa_mask[0]=11111111011111110111111111111111, sa_flags=SA_RESTART|SA_SIGINFO
SIGPIPE: [libjvm.dylib+0x487dc0], sa_mask[0]=11111111011111110111111111111111, sa_flags=SA_RESTART|SA_SIGINFO
SIGXFSZ: [libjvm.dylib+0x487dc0], sa_mask[0]=11111111011111110111111111111111, sa_flags=SA_RESTART|SA_SIGINFO
SIGILL: [libjvm.dylib+0x487dc0], sa_mask[0]=11111111011111110111111111111111, sa_flags=SA_RESTART|SA_SIGINFO
SIGUSR1: SIG_DFL, sa_mask[0]=11111111011111110111111111111111, sa_flags=none
SIGUSR2: [libjvm.dylib+0x4878de], sa_mask[0]=00000000000000000000000000000000, sa_flags=SA_RESTART|SA_SIGINFO
SIGHUP: [libjvm.dylib+0x485eb5], sa_mask[0]=11111111011111110111111111111111, sa_flags=SA_RESTART|SA_SIGINFO
SIGINT: [libjvm.dylib+0x485eb5], sa_mask[0]=11111111011111110111111111111111, sa_flags=SA_RESTART|SA_SIGINFO
SIGTERM: [libjvm.dylib+0x485eb5], sa_mask[0]=11111111011111110111111111111111, sa_flags=SA_RESTART|SA_SIGINFO
SIGQUIT: [libjvm.dylib+0x485eb5], sa_mask[0]=11111111011111110111111111111111, sa_flags=SA_RESTART|SA_SIGINFO


---------------  S Y S T E M  ---------------

OS:Bsduname:Darwin 16.4.0 Darwin Kernel Version 16.4.0: Thu Dec 22 22:53:21 PST 2016; root:xnu-3789.41.3~3/RELEASE_X86_64 x86_64
rlimit: STACK 8192k, CORE 0k, NPROC 709, NOFILE 10240, AS infinity
load average:2,77 2,47 2,30

CPU:total 8 (4 cores per cpu, 2 threads per core) family 6 model 70 stepping 1, cmov, cx8, fxsr, mmx, sse, sse2, sse3, ssse3, sse4.1, sse4.2, popcnt, avx, avx2, aes, clmul, erms, rtm, lzcnt, ht, tsc, tscinvbit, bmi1, bmi2

Memory: 4k page, physical 16777216k(29552k free)

/proc/meminfo:


vm_info: Java HotSpot(TM) 64-Bit Server VM (25.112-b16) for bsd-amd64 JRE (1.8.0_112-b16), built on Sep 30 2016 22:41:41 by "java_re" with gcc 4.2.1 (Based on Apple Inc. build 5658) (LLVM build 2336.11.00)

time: Tue Feb  7 22:47:34 2017
elapsed time: 5115 seconds (0d 1h 25m 15s)

